<?xml version="1.0" encoding="UTF-8"?>
<!-- Generated by org.testng.reporters.JUnitXMLReporter -->
<testsuite ignored="20" hostname="Shafayat-Dell" failures="0" tests="119" name="Surefire test" time="0.105" errors="0" timestamp="11 Jan 2019 03:38:26 GMT">
  <testcase classname="base.CommonAPI" name="@BeforeMethod setUp" time="0.0">
    <failure type="org.testng.TestNGException" message="
Parameter &amp;apos;url&amp;apos; is required by BeforeMethod on method setUp but has not been marked @Optional or defined
">
      <![CDATA[org.testng.TestNGException: 
Parameter 'url' is required by BeforeMethod on method setUp but has not been marked @Optional or defined

... Removed 30 stack frames]]>
    </failure>
  </testcase> <!-- @BeforeMethod setUp -->
  <testcase classname="base.CommonAPI" name="@BeforeMethod startExtent" time="0.0">
    <skipped/>
  </testcase> <!-- @BeforeMethod startExtent -->
  <testcase classname="base.CommonAPI" name="@AfterMethod afterEachTestMethod" time="0.0">
    <skipped/>
  </testcase> <!-- @AfterMethod afterEachTestMethod -->
  <testcase classname="base.CommonAPI" name="@BeforeMethod setUp" time="0.0">
    <failure type="org.testng.TestNGException" message="
Parameter &amp;apos;url&amp;apos; is required by BeforeMethod on method setUp but has not been marked @Optional or defined
">
      <![CDATA[org.testng.TestNGException: 
Parameter 'url' is required by BeforeMethod on method setUp but has not been marked @Optional or defined

... Removed 30 stack frames]]>
    </failure>
  </testcase> <!-- @BeforeMethod setUp -->
  <testcase classname="base.CommonAPI" name="@BeforeMethod startExtent" time="0.0">
    <skipped/>
  </testcase> <!-- @BeforeMethod startExtent -->
  <testcase classname="base.CommonAPI" name="@AfterMethod afterEachTestMethod" time="0.0">
    <skipped/>
  </testcase> <!-- @AfterMethod afterEachTestMethod -->
  <testcase classname="base.CommonAPI" name="@BeforeMethod setUp" time="0.0">
    <skipped/>
  </testcase> <!-- @BeforeMethod setUp -->
  <testcase classname="base.CommonAPI" name="@BeforeMethod startExtent" time="0.0">
    <skipped/>
  </testcase> <!-- @BeforeMethod startExtent -->
  <testcase classname="base.CommonAPI" name="@AfterMethod afterEachTestMethod" time="0.0">
    <skipped/>
  </testcase> <!-- @AfterMethod afterEachTestMethod -->
  <testcase classname="base.CommonAPI" name="@BeforeMethod setUp" time="0.0">
    <skipped/>
  </testcase> <!-- @BeforeMethod setUp -->
  <testcase classname="base.CommonAPI" name="@BeforeMethod startExtent" time="0.0">
    <skipped/>
  </testcase> <!-- @BeforeMethod startExtent -->
  <testcase classname="base.CommonAPI" name="@AfterMethod afterEachTestMethod" time="0.0">
    <skipped/>
  </testcase> <!-- @AfterMethod afterEachTestMethod -->
  <testcase classname="base.CommonAPI" name="@BeforeMethod setUp" time="0.0">
    <skipped/>
  </testcase> <!-- @BeforeMethod setUp -->
  <testcase classname="base.CommonAPI" name="@BeforeMethod startExtent" time="0.0">
    <skipped/>
  </testcase> <!-- @BeforeMethod startExtent -->
  <testcase classname="base.CommonAPI" name="@AfterMethod afterEachTestMethod" time="0.0">
    <skipped/>
  </testcase> <!-- @AfterMethod afterEachTestMethod -->
  <testcase classname="base.CommonAPI" name="@BeforeMethod setUp" time="0.0">
    <failure type="org.testng.TestNGException" message="
Parameter &amp;apos;url&amp;apos; is required by BeforeMethod on method setUp but has not been marked @Optional or defined
">
      <![CDATA[org.testng.TestNGException: 
Parameter 'url' is required by BeforeMethod on method setUp but has not been marked @Optional or defined

... Removed 30 stack frames]]>
    </failure>
  </testcase> <!-- @BeforeMethod setUp -->
  <testcase classname="base.CommonAPI" name="@BeforeMethod startExtent" time="0.0">
    <skipped/>
  </testcase> <!-- @BeforeMethod startExtent -->
  <testcase classname="base.CommonAPI" name="@AfterMethod afterEachTestMethod" time="0.0">
    <skipped/>
  </testcase> <!-- @AfterMethod afterEachTestMethod -->
  <testcase classname="base.CommonAPI" name="@BeforeMethod setUp" time="0.0">
    <skipped/>
  </testcase> <!-- @BeforeMethod setUp -->
  <testcase classname="base.CommonAPI" name="@BeforeMethod startExtent" time="0.0">
    <skipped/>
  </testcase> <!-- @BeforeMethod startExtent -->
  <testcase classname="base.CommonAPI" name="@AfterMethod afterEachTestMethod" time="0.0">
    <skipped/>
  </testcase> <!-- @AfterMethod afterEachTestMethod -->
  <testcase classname="base.CommonAPI" name="@BeforeMethod setUp" time="0.0">
    <skipped/>
  </testcase> <!-- @BeforeMethod setUp -->
  <testcase classname="base.CommonAPI" name="@BeforeMethod startExtent" time="0.0">
    <skipped/>
  </testcase> <!-- @BeforeMethod startExtent -->
  <testcase classname="base.CommonAPI" name="@AfterMethod afterEachTestMethod" time="0.0">
    <skipped/>
  </testcase> <!-- @AfterMethod afterEachTestMethod -->
  <testcase classname="base.CommonAPI" name="@BeforeMethod setUp" time="0.0">
    <skipped/>
  </testcase> <!-- @BeforeMethod setUp -->
  <testcase classname="base.CommonAPI" name="@BeforeMethod startExtent" time="0.0">
    <skipped/>
  </testcase> <!-- @BeforeMethod startExtent -->
  <testcase classname="base.CommonAPI" name="@AfterMethod afterEachTestMethod" time="0.0">
    <skipped/>
  </testcase> <!-- @AfterMethod afterEachTestMethod -->
  <testcase classname="base.CommonAPI" name="@BeforeMethod setUp" time="0.0">
    <skipped/>
  </testcase> <!-- @BeforeMethod setUp -->
  <testcase classname="base.CommonAPI" name="@BeforeMethod startExtent" time="0.0">
    <skipped/>
  </testcase> <!-- @BeforeMethod startExtent -->
  <testcase classname="base.CommonAPI" name="@AfterMethod afterEachTestMethod" time="0.0">
    <skipped/>
  </testcase> <!-- @AfterMethod afterEachTestMethod -->
  <testcase classname="base.CommonAPI" name="@BeforeMethod setUp" time="0.0">
    <skipped/>
  </testcase> <!-- @BeforeMethod setUp -->
  <testcase classname="base.CommonAPI" name="@BeforeMethod startExtent" time="0.0">
    <skipped/>
  </testcase> <!-- @BeforeMethod startExtent -->
  <testcase classname="base.CommonAPI" name="@AfterMethod afterEachTestMethod" time="0.0">
    <skipped/>
  </testcase> <!-- @AfterMethod afterEachTestMethod -->
  <testcase classname="base.CommonAPI" name="@BeforeMethod setUp" time="0.0">
    <skipped/>
  </testcase> <!-- @BeforeMethod setUp -->
  <testcase classname="base.CommonAPI" name="@BeforeMethod startExtent" time="0.0">
    <skipped/>
  </testcase> <!-- @BeforeMethod startExtent -->
  <testcase classname="base.CommonAPI" name="@AfterMethod afterEachTestMethod" time="0.0">
    <skipped/>
  </testcase> <!-- @AfterMethod afterEachTestMethod -->
  <testcase classname="base.CommonAPI" name="@BeforeMethod setUp" time="0.0">
    <skipped/>
  </testcase> <!-- @BeforeMethod setUp -->
  <testcase classname="base.CommonAPI" name="@BeforeMethod startExtent" time="0.0">
    <skipped/>
  </testcase> <!-- @BeforeMethod startExtent -->
  <testcase classname="base.CommonAPI" name="@AfterMethod afterEachTestMethod" time="0.0">
    <skipped/>
  </testcase> <!-- @AfterMethod afterEachTestMethod -->
  <testcase classname="base.CommonAPI" name="@BeforeMethod setUp" time="0.0">
    <skipped/>
  </testcase> <!-- @BeforeMethod setUp -->
  <testcase classname="base.CommonAPI" name="@BeforeMethod startExtent" time="0.0">
    <skipped/>
  </testcase> <!-- @BeforeMethod startExtent -->
  <testcase classname="base.CommonAPI" name="@AfterMethod afterEachTestMethod" time="0.0">
    <skipped/>
  </testcase> <!-- @AfterMethod afterEachTestMethod -->
  <testcase classname="base.CommonAPI" name="@BeforeMethod setUp" time="0.0">
    <skipped/>
  </testcase> <!-- @BeforeMethod setUp -->
  <testcase classname="base.CommonAPI" name="@BeforeMethod startExtent" time="0.0">
    <skipped/>
  </testcase> <!-- @BeforeMethod startExtent -->
  <testcase classname="base.CommonAPI" name="@AfterMethod afterEachTestMethod" time="0.0">
    <skipped/>
  </testcase> <!-- @AfterMethod afterEachTestMethod -->
  <testcase classname="base.CommonAPI" name="@BeforeMethod setUp" time="0.0">
    <skipped/>
  </testcase> <!-- @BeforeMethod setUp -->
  <testcase classname="base.CommonAPI" name="@BeforeMethod startExtent" time="0.0">
    <skipped/>
  </testcase> <!-- @BeforeMethod startExtent -->
  <testcase classname="base.CommonAPI" name="@AfterMethod afterEachTestMethod" time="0.0">
    <skipped/>
  </testcase> <!-- @AfterMethod afterEachTestMethod -->
  <testcase classname="base.CommonAPI" name="@BeforeMethod setUp" time="0.0">
    <skipped/>
  </testcase> <!-- @BeforeMethod setUp -->
  <testcase classname="base.CommonAPI" name="@BeforeMethod startExtent" time="0.0">
    <skipped/>
  </testcase> <!-- @BeforeMethod startExtent -->
  <testcase classname="base.CommonAPI" name="@AfterMethod afterEachTestMethod" time="0.0">
    <skipped/>
  </testcase> <!-- @AfterMethod afterEachTestMethod -->
  <testcase classname="base.CommonAPI" name="@BeforeMethod setUp" time="0.0">
    <failure type="org.testng.TestNGException" message="
Parameter &amp;apos;url&amp;apos; is required by BeforeMethod on method setUp but has not been marked @Optional or defined
">
      <![CDATA[org.testng.TestNGException: 
Parameter 'url' is required by BeforeMethod on method setUp but has not been marked @Optional or defined

... Removed 30 stack frames]]>
    </failure>
  </testcase> <!-- @BeforeMethod setUp -->
  <testcase classname="base.CommonAPI" name="@BeforeMethod startExtent" time="0.0">
    <skipped/>
  </testcase> <!-- @BeforeMethod startExtent -->
  <testcase classname="base.CommonAPI" name="@AfterMethod afterEachTestMethod" time="0.0">
    <skipped/>
  </testcase> <!-- @AfterMethod afterEachTestMethod -->
  <testcase classname="base.CommonAPI" name="@BeforeMethod setUp" time="0.0">
    <skipped/>
  </testcase> <!-- @BeforeMethod setUp -->
  <testcase classname="base.CommonAPI" name="@BeforeMethod startExtent" time="0.0">
    <skipped/>
  </testcase> <!-- @BeforeMethod startExtent -->
  <testcase classname="base.CommonAPI" name="@AfterMethod afterEachTestMethod" time="0.0">
    <skipped/>
  </testcase> <!-- @AfterMethod afterEachTestMethod -->
  <testcase classname="base.CommonAPI" name="@BeforeMethod setUp" time="0.0">
    <skipped/>
  </testcase> <!-- @BeforeMethod setUp -->
  <testcase classname="base.CommonAPI" name="@BeforeMethod startExtent" time="0.0">
    <skipped/>
  </testcase> <!-- @BeforeMethod startExtent -->
  <testcase classname="base.CommonAPI" name="@AfterMethod afterEachTestMethod" time="0.0">
    <skipped/>
  </testcase> <!-- @AfterMethod afterEachTestMethod -->
  <testcase classname="base.CommonAPI" name="@BeforeMethod setUp" time="0.0">
    <skipped/>
  </testcase> <!-- @BeforeMethod setUp -->
  <testcase classname="base.CommonAPI" name="@BeforeMethod startExtent" time="0.0">
    <skipped/>
  </testcase> <!-- @BeforeMethod startExtent -->
  <testcase classname="base.CommonAPI" name="@AfterMethod afterEachTestMethod" time="0.0">
    <skipped/>
  </testcase> <!-- @AfterMethod afterEachTestMethod -->
  <testcase classname="base.CommonAPI" name="@BeforeMethod setUp" time="0.0">
    <skipped/>
  </testcase> <!-- @BeforeMethod setUp -->
  <testcase classname="base.CommonAPI" name="@BeforeMethod startExtent" time="0.0">
    <skipped/>
  </testcase> <!-- @BeforeMethod startExtent -->
  <testcase classname="base.CommonAPI" name="@AfterMethod afterEachTestMethod" time="0.0">
    <skipped/>
  </testcase> <!-- @AfterMethod afterEachTestMethod -->
  <testcase classname="base.CommonAPI" name="@BeforeMethod setUp" time="0.0">
    <skipped/>
  </testcase> <!-- @BeforeMethod setUp -->
  <testcase classname="base.CommonAPI" name="@BeforeMethod startExtent" time="0.0">
    <skipped/>
  </testcase> <!-- @BeforeMethod startExtent -->
  <testcase classname="base.CommonAPI" name="@AfterMethod afterEachTestMethod" time="0.0">
    <skipped/>
  </testcase> <!-- @AfterMethod afterEachTestMethod -->
  <testcase classname="base.CommonAPI" name="@BeforeMethod setUp" time="0.0">
    <skipped/>
  </testcase> <!-- @BeforeMethod setUp -->
  <testcase classname="base.CommonAPI" name="@BeforeMethod startExtent" time="0.0">
    <skipped/>
  </testcase> <!-- @BeforeMethod startExtent -->
  <testcase classname="base.CommonAPI" name="@AfterMethod afterEachTestMethod" time="0.0">
    <skipped/>
  </testcase> <!-- @AfterMethod afterEachTestMethod -->
  <testcase classname="base.CommonAPI" name="@BeforeMethod setUp" time="0.0">
    <failure type="org.testng.TestNGException" message="
Parameter &amp;apos;url&amp;apos; is required by BeforeMethod on method setUp but has not been marked @Optional or defined
">
      <![CDATA[org.testng.TestNGException: 
Parameter 'url' is required by BeforeMethod on method setUp but has not been marked @Optional or defined

... Removed 30 stack frames]]>
    </failure>
  </testcase> <!-- @BeforeMethod setUp -->
  <testcase classname="base.CommonAPI" name="@BeforeMethod startExtent" time="0.0">
    <skipped/>
  </testcase> <!-- @BeforeMethod startExtent -->
  <testcase classname="base.CommonAPI" name="@AfterMethod afterEachTestMethod" time="0.0">
    <skipped/>
  </testcase> <!-- @AfterMethod afterEachTestMethod -->
  <testcase classname="base.CommonAPI" name="@BeforeMethod setUp" time="0.0">
    <skipped/>
  </testcase> <!-- @BeforeMethod setUp -->
  <testcase classname="base.CommonAPI" name="@BeforeMethod startExtent" time="0.0">
    <skipped/>
  </testcase> <!-- @BeforeMethod startExtent -->
  <testcase classname="base.CommonAPI" name="@AfterMethod afterEachTestMethod" time="0.0">
    <skipped/>
  </testcase> <!-- @AfterMethod afterEachTestMethod -->
  <testcase classname="base.CommonAPI" name="@BeforeMethod setUp" time="0.0">
    <skipped/>
  </testcase> <!-- @BeforeMethod setUp -->
  <testcase classname="base.CommonAPI" name="@BeforeMethod startExtent" time="0.0">
    <skipped/>
  </testcase> <!-- @BeforeMethod startExtent -->
  <testcase classname="base.CommonAPI" name="@AfterMethod afterEachTestMethod" time="0.0">
    <skipped/>
  </testcase> <!-- @AfterMethod afterEachTestMethod -->
  <testcase classname="base.CommonAPI" name="@BeforeMethod setUp" time="0.0">
    <failure type="org.testng.TestNGException" message="
Parameter &amp;apos;url&amp;apos; is required by BeforeMethod on method setUp but has not been marked @Optional or defined
">
      <![CDATA[org.testng.TestNGException: 
Parameter 'url' is required by BeforeMethod on method setUp but has not been marked @Optional or defined

... Removed 30 stack frames]]>
    </failure>
  </testcase> <!-- @BeforeMethod setUp -->
  <testcase classname="base.CommonAPI" name="@BeforeMethod startExtent" time="0.0">
    <skipped/>
  </testcase> <!-- @BeforeMethod startExtent -->
  <testcase classname="base.CommonAPI" name="@AfterMethod afterEachTestMethod" time="0.0">
    <skipped/>
  </testcase> <!-- @AfterMethod afterEachTestMethod -->
  <testcase classname="base.CommonAPI" name="@BeforeMethod setUp" time="0.0">
    <skipped/>
  </testcase> <!-- @BeforeMethod setUp -->
  <testcase classname="base.CommonAPI" name="@BeforeMethod startExtent" time="0.0">
    <skipped/>
  </testcase> <!-- @BeforeMethod startExtent -->
  <testcase classname="base.CommonAPI" name="@AfterMethod afterEachTestMethod" time="0.0">
    <skipped/>
  </testcase> <!-- @AfterMethod afterEachTestMethod -->
  <testcase classname="base.CommonAPI" name="@BeforeMethod setUp" time="0.0">
    <failure type="org.testng.TestNGException" message="
Parameter &amp;apos;url&amp;apos; is required by BeforeMethod on method setUp but has not been marked @Optional or defined
">
      <![CDATA[org.testng.TestNGException: 
Parameter 'url' is required by BeforeMethod on method setUp but has not been marked @Optional or defined

... Removed 30 stack frames]]>
    </failure>
  </testcase> <!-- @BeforeMethod setUp -->
  <testcase classname="base.CommonAPI" name="@BeforeMethod startExtent" time="0.0">
    <skipped/>
  </testcase> <!-- @BeforeMethod startExtent -->
  <testcase classname="base.CommonAPI" name="@AfterMethod afterEachTestMethod" time="0.0">
    <skipped/>
  </testcase> <!-- @AfterMethod afterEachTestMethod -->
  <testcase classname="base.CommonAPI" name="@BeforeMethod setUp" time="0.0">
    <skipped/>
  </testcase> <!-- @BeforeMethod setUp -->
  <testcase classname="base.CommonAPI" name="@BeforeMethod startExtent" time="0.0">
    <skipped/>
  </testcase> <!-- @BeforeMethod startExtent -->
  <testcase classname="base.CommonAPI" name="@AfterMethod afterEachTestMethod" time="0.0">
    <skipped/>
  </testcase> <!-- @AfterMethod afterEachTestMethod -->
  <testcase classname="base.CommonAPI" name="@BeforeMethod setUp" time="0.0">
    <skipped/>
  </testcase> <!-- @BeforeMethod setUp -->
  <testcase classname="base.CommonAPI" name="@BeforeMethod startExtent" time="0.0">
    <skipped/>
  </testcase> <!-- @BeforeMethod startExtent -->
  <testcase classname="base.CommonAPI" name="@AfterMethod afterEachTestMethod" time="0.0">
    <skipped/>
  </testcase> <!-- @AfterMethod afterEachTestMethod -->
  <testcase classname="base.CommonAPI" name="@BeforeMethod setUp" time="0.0">
    <skipped/>
  </testcase> <!-- @BeforeMethod setUp -->
  <testcase classname="base.CommonAPI" name="@BeforeMethod startExtent" time="0.0">
    <skipped/>
  </testcase> <!-- @BeforeMethod startExtent -->
  <testcase classname="base.CommonAPI" name="@AfterMethod afterEachTestMethod" time="0.0">
    <skipped/>
  </testcase> <!-- @AfterMethod afterEachTestMethod -->
  <testcase classname="base.CommonAPI" name="@BeforeMethod setUp" time="0.0">
    <skipped/>
  </testcase> <!-- @BeforeMethod setUp -->
  <testcase classname="base.CommonAPI" name="@BeforeMethod startExtent" time="0.0">
    <skipped/>
  </testcase> <!-- @BeforeMethod startExtent -->
  <testcase classname="base.CommonAPI" name="@AfterMethod afterEachTestMethod" time="0.0">
    <skipped/>
  </testcase> <!-- @AfterMethod afterEachTestMethod -->
  <testcase classname="base.CommonAPI" name="@BeforeMethod setUp" time="0.0">
    <skipped/>
  </testcase> <!-- @BeforeMethod setUp -->
  <testcase classname="base.CommonAPI" name="@BeforeMethod startExtent" time="0.0">
    <skipped/>
  </testcase> <!-- @BeforeMethod startExtent -->
  <testcase classname="base.CommonAPI" name="@AfterMethod afterEachTestMethod" time="0.0">
    <skipped/>
  </testcase> <!-- @AfterMethod afterEachTestMethod -->
  <testcase classname="base.CommonAPI" name="@BeforeMethod setUp" time="0.0">
    <skipped/>
  </testcase> <!-- @BeforeMethod setUp -->
  <testcase classname="base.CommonAPI" name="@BeforeMethod startExtent" time="0.0">
    <skipped/>
  </testcase> <!-- @BeforeMethod startExtent -->
  <testcase classname="base.CommonAPI" name="@AfterMethod afterEachTestMethod" time="0.0">
    <skipped/>
  </testcase> <!-- @AfterMethod afterEachTestMethod -->
  <testcase classname="base.CommonAPI" name="@BeforeMethod setUp" time="0.0">
    <skipped/>
  </testcase> <!-- @BeforeMethod setUp -->
  <testcase classname="base.CommonAPI" name="@BeforeMethod startExtent" time="0.0">
    <skipped/>
  </testcase> <!-- @BeforeMethod startExtent -->
  <testcase classname="base.CommonAPI" name="@AfterMethod afterEachTestMethod" time="0.0">
    <skipped/>
  </testcase> <!-- @AfterMethod afterEachTestMethod -->
  <testcase classname="base.CommonAPI" name="@BeforeMethod setUp" time="0.0">
    <skipped/>
  </testcase> <!-- @BeforeMethod setUp -->
  <testcase classname="base.CommonAPI" name="@BeforeMethod startExtent" time="0.0">
    <skipped/>
  </testcase> <!-- @BeforeMethod startExtent -->
  <testcase classname="base.CommonAPI" name="@AfterMethod afterEachTestMethod" time="0.0">
    <skipped/>
  </testcase> <!-- @AfterMethod afterEachTestMethod -->
  <testcase classname="base.CommonAPI" name="@BeforeMethod setUp" time="0.0">
    <skipped/>
  </testcase> <!-- @BeforeMethod setUp -->
  <testcase classname="base.CommonAPI" name="@BeforeMethod startExtent" time="0.0">
    <skipped/>
  </testcase> <!-- @BeforeMethod startExtent -->
  <testcase classname="base.CommonAPI" name="@AfterMethod afterEachTestMethod" time="0.0">
    <skipped/>
  </testcase> <!-- @AfterMethod afterEachTestMethod -->
  <testcase classname="base.CommonAPI" name="@BeforeMethod setUp" time="0.0">
    <skipped/>
  </testcase> <!-- @BeforeMethod setUp -->
  <testcase classname="base.CommonAPI" name="@BeforeMethod startExtent" time="0.0">
    <skipped/>
  </testcase> <!-- @BeforeMethod startExtent -->
  <testcase classname="base.CommonAPI" name="@AfterMethod afterEachTestMethod" time="0.0">
    <skipped/>
  </testcase> <!-- @AfterMethod afterEachTestMethod -->
  <testcase classname="base.CommonAPI" name="@BeforeMethod setUp" time="0.0">
    <skipped/>
  </testcase> <!-- @BeforeMethod setUp -->
  <testcase classname="base.CommonAPI" name="@BeforeMethod startExtent" time="0.0">
    <skipped/>
  </testcase> <!-- @BeforeMethod startExtent -->
  <testcase classname="base.CommonAPI" name="@AfterMethod afterEachTestMethod" time="0.0">
    <skipped/>
  </testcase> <!-- @AfterMethod afterEachTestMethod -->
  <testcase classname="base.CommonAPI" name="@BeforeMethod setUp" time="0.0">
    <skipped/>
  </testcase> <!-- @BeforeMethod setUp -->
  <testcase classname="base.CommonAPI" name="@BeforeMethod startExtent" time="0.0">
    <skipped/>
  </testcase> <!-- @BeforeMethod startExtent -->
  <testcase classname="base.CommonAPI" name="@AfterMethod afterEachTestMethod" time="0.0">
    <skipped/>
  </testcase> <!-- @AfterMethod afterEachTestMethod -->
  <testcase classname="base.CommonAPI" name="@BeforeMethod setUp" time="0.0">
    <skipped/>
  </testcase> <!-- @BeforeMethod setUp -->
  <testcase classname="base.CommonAPI" name="@BeforeMethod startExtent" time="0.0">
    <skipped/>
  </testcase> <!-- @BeforeMethod startExtent -->
  <testcase classname="base.CommonAPI" name="@AfterMethod afterEachTestMethod" time="0.0">
    <skipped/>
  </testcase> <!-- @AfterMethod afterEachTestMethod -->
  <testcase classname="base.CommonAPI" name="@BeforeMethod setUp" time="0.0">
    <skipped/>
  </testcase> <!-- @BeforeMethod setUp -->
  <testcase classname="base.CommonAPI" name="@BeforeMethod startExtent" time="0.0">
    <skipped/>
  </testcase> <!-- @BeforeMethod startExtent -->
  <testcase classname="base.CommonAPI" name="@AfterMethod afterEachTestMethod" time="0.0">
    <skipped/>
  </testcase> <!-- @AfterMethod afterEachTestMethod -->
  <testcase classname="base.CommonAPI" name="@BeforeMethod setUp" time="0.0">
    <skipped/>
  </testcase> <!-- @BeforeMethod setUp -->
  <testcase classname="base.CommonAPI" name="@BeforeMethod startExtent" time="0.0">
    <skipped/>
  </testcase> <!-- @BeforeMethod startExtent -->
  <testcase classname="base.CommonAPI" name="@AfterMethod afterEachTestMethod" time="0.0">
    <skipped/>
  </testcase> <!-- @AfterMethod afterEachTestMethod -->
  <testcase classname="base.CommonAPI" name="@BeforeMethod setUp" time="0.0">
    <skipped/>
  </testcase> <!-- @BeforeMethod setUp -->
  <testcase classname="base.CommonAPI" name="@BeforeMethod startExtent" time="0.0">
    <skipped/>
  </testcase> <!-- @BeforeMethod startExtent -->
  <testcase classname="base.CommonAPI" name="@AfterMethod afterEachTestMethod" time="0.0">
    <skipped/>
  </testcase> <!-- @AfterMethod afterEachTestMethod -->
  <testcase classname="base.CommonAPI" name="@BeforeMethod setUp" time="0.0">
    <skipped/>
  </testcase> <!-- @BeforeMethod setUp -->
  <testcase classname="base.CommonAPI" name="@BeforeMethod startExtent" time="0.0">
    <skipped/>
  </testcase> <!-- @BeforeMethod startExtent -->
  <testcase classname="base.CommonAPI" name="@AfterMethod afterEachTestMethod" time="0.0">
    <skipped/>
  </testcase> <!-- @AfterMethod afterEachTestMethod -->
  <testcase classname="base.CommonAPI" name="@BeforeMethod setUp" time="0.0">
    <skipped/>
  </testcase> <!-- @BeforeMethod setUp -->
  <testcase classname="base.CommonAPI" name="@BeforeMethod startExtent" time="0.0">
    <skipped/>
  </testcase> <!-- @BeforeMethod startExtent -->
  <testcase classname="base.CommonAPI" name="@AfterMethod afterEachTestMethod" time="0.0">
    <skipped/>
  </testcase> <!-- @AfterMethod afterEachTestMethod -->
  <testcase classname="base.CommonAPI" name="@BeforeMethod setUp" time="0.0">
    <skipped/>
  </testcase> <!-- @BeforeMethod setUp -->
  <testcase classname="base.CommonAPI" name="@BeforeMethod startExtent" time="0.0">
    <skipped/>
  </testcase> <!-- @BeforeMethod startExtent -->
  <testcase classname="base.CommonAPI" name="@AfterMethod afterEachTestMethod" time="0.0">
    <skipped/>
  </testcase> <!-- @AfterMethod afterEachTestMethod -->
  <testcase classname="base.CommonAPI" name="@BeforeMethod setUp" time="0.0">
    <skipped/>
  </testcase> <!-- @BeforeMethod setUp -->
  <testcase classname="base.CommonAPI" name="@BeforeMethod startExtent" time="0.0">
    <skipped/>
  </testcase> <!-- @BeforeMethod startExtent -->
  <testcase classname="base.CommonAPI" name="@AfterMethod afterEachTestMethod" time="0.0">
    <skipped/>
  </testcase> <!-- @AfterMethod afterEachTestMethod -->
  <testcase classname="base.CommonAPI" name="@BeforeMethod setUp" time="0.0">
    <skipped/>
  </testcase> <!-- @BeforeMethod setUp -->
  <testcase classname="base.CommonAPI" name="@BeforeMethod startExtent" time="0.0">
    <skipped/>
  </testcase> <!-- @BeforeMethod startExtent -->
  <testcase classname="base.CommonAPI" name="@AfterMethod afterEachTestMethod" time="0.0">
    <skipped/>
  </testcase> <!-- @AfterMethod afterEachTestMethod -->
  <testcase classname="base.CommonAPI" name="@BeforeMethod setUp" time="0.0">
    <skipped/>
  </testcase> <!-- @BeforeMethod setUp -->
  <testcase classname="base.CommonAPI" name="@BeforeMethod startExtent" time="0.0">
    <skipped/>
  </testcase> <!-- @BeforeMethod startExtent -->
  <testcase classname="base.CommonAPI" name="@AfterMethod afterEachTestMethod" time="0.0">
    <skipped/>
  </testcase> <!-- @AfterMethod afterEachTestMethod -->
  <testcase classname="base.CommonAPI" name="@BeforeMethod setUp" time="0.0">
    <skipped/>
  </testcase> <!-- @BeforeMethod setUp -->
  <testcase classname="base.CommonAPI" name="@BeforeMethod startExtent" time="0.0">
    <skipped/>
  </testcase> <!-- @BeforeMethod startExtent -->
  <testcase classname="base.CommonAPI" name="@AfterMethod afterEachTestMethod" time="0.0">
    <skipped/>
  </testcase> <!-- @AfterMethod afterEachTestMethod -->
  <testcase classname="base.CommonAPI" name="@BeforeMethod setUp" time="0.0">
    <skipped/>
  </testcase> <!-- @BeforeMethod setUp -->
  <testcase classname="base.CommonAPI" name="@BeforeMethod startExtent" time="0.0">
    <skipped/>
  </testcase> <!-- @BeforeMethod startExtent -->
  <testcase classname="base.CommonAPI" name="@AfterMethod afterEachTestMethod" time="0.0">
    <skipped/>
  </testcase> <!-- @AfterMethod afterEachTestMethod -->
  <testcase classname="base.CommonAPI" name="@BeforeMethod setUp" time="0.0">
    <skipped/>
  </testcase> <!-- @BeforeMethod setUp -->
  <testcase classname="base.CommonAPI" name="@BeforeMethod startExtent" time="0.0">
    <skipped/>
  </testcase> <!-- @BeforeMethod startExtent -->
  <testcase classname="base.CommonAPI" name="@AfterMethod afterEachTestMethod" time="0.0">
    <skipped/>
  </testcase> <!-- @AfterMethod afterEachTestMethod -->
  <testcase classname="base.CommonAPI" name="@BeforeMethod setUp" time="0.0">
    <failure type="org.testng.TestNGException" message="
Parameter &amp;apos;url&amp;apos; is required by BeforeMethod on method setUp but has not been marked @Optional or defined
">
      <![CDATA[org.testng.TestNGException: 
Parameter 'url' is required by BeforeMethod on method setUp but has not been marked @Optional or defined

... Removed 30 stack frames]]>
    </failure>
  </testcase> <!-- @BeforeMethod setUp -->
  <testcase classname="base.CommonAPI" name="@BeforeMethod startExtent" time="0.0">
    <skipped/>
  </testcase> <!-- @BeforeMethod startExtent -->
  <testcase classname="base.CommonAPI" name="@AfterMethod afterEachTestMethod" time="0.0">
    <skipped/>
  </testcase> <!-- @AfterMethod afterEachTestMethod -->
  <testcase classname="base.CommonAPI" name="@BeforeMethod setUp" time="0.0">
    <skipped/>
  </testcase> <!-- @BeforeMethod setUp -->
  <testcase classname="base.CommonAPI" name="@BeforeMethod startExtent" time="0.0">
    <skipped/>
  </testcase> <!-- @BeforeMethod startExtent -->
  <testcase classname="base.CommonAPI" name="@AfterMethod afterEachTestMethod" time="0.0">
    <skipped/>
  </testcase> <!-- @AfterMethod afterEachTestMethod -->
  <testcase classname="base.CommonAPI" name="@BeforeMethod setUp" time="0.0">
    <skipped/>
  </testcase> <!-- @BeforeMethod setUp -->
  <testcase classname="base.CommonAPI" name="@BeforeMethod startExtent" time="0.0">
    <skipped/>
  </testcase> <!-- @BeforeMethod startExtent -->
  <testcase classname="base.CommonAPI" name="@AfterMethod afterEachTestMethod" time="0.0">
    <skipped/>
  </testcase> <!-- @AfterMethod afterEachTestMethod -->
  <testcase classname="base.CommonAPI" name="@BeforeMethod setUp" time="0.0">
    <skipped/>
  </testcase> <!-- @BeforeMethod setUp -->
  <testcase classname="base.CommonAPI" name="@BeforeMethod startExtent" time="0.0">
    <skipped/>
  </testcase> <!-- @BeforeMethod startExtent -->
  <testcase classname="base.CommonAPI" name="@AfterMethod afterEachTestMethod" time="0.0">
    <skipped/>
  </testcase> <!-- @AfterMethod afterEachTestMethod -->
  <testcase classname="base.CommonAPI" name="@BeforeMethod setUp" time="0.0">
    <skipped/>
  </testcase> <!-- @BeforeMethod setUp -->
  <testcase classname="base.CommonAPI" name="@BeforeMethod startExtent" time="0.0">
    <skipped/>
  </testcase> <!-- @BeforeMethod startExtent -->
  <testcase classname="base.CommonAPI" name="@AfterMethod afterEachTestMethod" time="0.0">
    <skipped/>
  </testcase> <!-- @AfterMethod afterEachTestMethod -->
  <testcase classname="base.CommonAPI" name="@BeforeMethod setUp" time="0.0">
    <skipped/>
  </testcase> <!-- @BeforeMethod setUp -->
  <testcase classname="base.CommonAPI" name="@BeforeMethod startExtent" time="0.0">
    <skipped/>
  </testcase> <!-- @BeforeMethod startExtent -->
  <testcase classname="base.CommonAPI" name="@AfterMethod afterEachTestMethod" time="0.0">
    <skipped/>
  </testcase> <!-- @AfterMethod afterEachTestMethod -->
  <testcase classname="base.CommonAPI" name="@BeforeMethod setUp" time="0.0">
    <skipped/>
  </testcase> <!-- @BeforeMethod setUp -->
  <testcase classname="base.CommonAPI" name="@BeforeMethod startExtent" time="0.0">
    <skipped/>
  </testcase> <!-- @BeforeMethod startExtent -->
  <testcase classname="base.CommonAPI" name="@AfterMethod afterEachTestMethod" time="0.0">
    <skipped/>
  </testcase> <!-- @AfterMethod afterEachTestMethod -->
  <testcase classname="base.CommonAPI" name="@BeforeMethod setUp" time="0.0">
    <skipped/>
  </testcase> <!-- @BeforeMethod setUp -->
  <testcase classname="base.CommonAPI" name="@BeforeMethod startExtent" time="0.0">
    <skipped/>
  </testcase> <!-- @BeforeMethod startExtent -->
  <testcase classname="base.CommonAPI" name="@AfterMethod afterEachTestMethod" time="0.0">
    <skipped/>
  </testcase> <!-- @AfterMethod afterEachTestMethod -->
  <testcase classname="base.CommonAPI" name="@BeforeMethod setUp" time="0.0">
    <skipped/>
  </testcase> <!-- @BeforeMethod setUp -->
  <testcase classname="base.CommonAPI" name="@BeforeMethod startExtent" time="0.0">
    <skipped/>
  </testcase> <!-- @BeforeMethod startExtent -->
  <testcase classname="base.CommonAPI" name="@AfterMethod afterEachTestMethod" time="0.0">
    <skipped/>
  </testcase> <!-- @AfterMethod afterEachTestMethod -->
  <testcase classname="base.CommonAPI" name="@BeforeMethod setUp" time="0.0">
    <skipped/>
  </testcase> <!-- @BeforeMethod setUp -->
  <testcase classname="base.CommonAPI" name="@BeforeMethod startExtent" time="0.0">
    <skipped/>
  </testcase> <!-- @BeforeMethod startExtent -->
  <testcase classname="base.CommonAPI" name="@AfterMethod afterEachTestMethod" time="0.0">
    <skipped/>
  </testcase> <!-- @AfterMethod afterEachTestMethod -->
  <testcase classname="base.CommonAPI" name="@BeforeMethod setUp" time="0.0">
    <skipped/>
  </testcase> <!-- @BeforeMethod setUp -->
  <testcase classname="base.CommonAPI" name="@BeforeMethod startExtent" time="0.0">
    <skipped/>
  </testcase> <!-- @BeforeMethod startExtent -->
  <testcase classname="base.CommonAPI" name="@AfterMethod afterEachTestMethod" time="0.0">
    <skipped/>
  </testcase> <!-- @AfterMethod afterEachTestMethod -->
  <testcase classname="base.CommonAPI" name="@BeforeMethod setUp" time="0.0">
    <skipped/>
  </testcase> <!-- @BeforeMethod setUp -->
  <testcase classname="base.CommonAPI" name="@BeforeMethod startExtent" time="0.0">
    <skipped/>
  </testcase> <!-- @BeforeMethod startExtent -->
  <testcase classname="base.CommonAPI" name="@AfterMethod afterEachTestMethod" time="0.0">
    <skipped/>
  </testcase> <!-- @AfterMethod afterEachTestMethod -->
  <testcase classname="base.CommonAPI" name="@BeforeMethod setUp" time="0.0">
    <skipped/>
  </testcase> <!-- @BeforeMethod setUp -->
  <testcase classname="base.CommonAPI" name="@BeforeMethod startExtent" time="0.0">
    <skipped/>
  </testcase> <!-- @BeforeMethod startExtent -->
  <testcase classname="base.CommonAPI" name="@AfterMethod afterEachTestMethod" time="0.0">
    <skipped/>
  </testcase> <!-- @AfterMethod afterEachTestMethod -->
  <testcase classname="base.CommonAPI" name="@BeforeMethod setUp" time="0.0">
    <skipped/>
  </testcase> <!-- @BeforeMethod setUp -->
  <testcase classname="base.CommonAPI" name="@BeforeMethod startExtent" time="0.0">
    <skipped/>
  </testcase> <!-- @BeforeMethod startExtent -->
  <testcase classname="base.CommonAPI" name="@AfterMethod afterEachTestMethod" time="0.0">
    <skipped/>
  </testcase> <!-- @AfterMethod afterEachTestMethod -->
  <testcase classname="base.CommonAPI" name="@BeforeMethod setUp" time="0.0">
    <skipped/>
  </testcase> <!-- @BeforeMethod setUp -->
  <testcase classname="base.CommonAPI" name="@BeforeMethod startExtent" time="0.0">
    <skipped/>
  </testcase> <!-- @BeforeMethod startExtent -->
  <testcase classname="base.CommonAPI" name="@AfterMethod afterEachTestMethod" time="0.0">
    <skipped/>
  </testcase> <!-- @AfterMethod afterEachTestMethod -->
  <testcase classname="base.CommonAPI" name="@BeforeMethod setUp" time="0.0">
    <skipped/>
  </testcase> <!-- @BeforeMethod setUp -->
  <testcase classname="base.CommonAPI" name="@BeforeMethod startExtent" time="0.0">
    <skipped/>
  </testcase> <!-- @BeforeMethod startExtent -->
  <testcase classname="base.CommonAPI" name="@AfterMethod afterEachTestMethod" time="0.0">
    <skipped/>
  </testcase> <!-- @AfterMethod afterEachTestMethod -->
  <testcase classname="base.CommonAPI" name="@BeforeMethod setUp" time="0.0">
    <skipped/>
  </testcase> <!-- @BeforeMethod setUp -->
  <testcase classname="base.CommonAPI" name="@BeforeMethod startExtent" time="0.0">
    <skipped/>
  </testcase> <!-- @BeforeMethod startExtent -->
  <testcase classname="base.CommonAPI" name="@AfterMethod afterEachTestMethod" time="0.0">
    <skipped/>
  </testcase> <!-- @AfterMethod afterEachTestMethod -->
  <testcase classname="base.CommonAPI" name="@BeforeMethod setUp" time="0.0">
    <skipped/>
  </testcase> <!-- @BeforeMethod setUp -->
  <testcase classname="base.CommonAPI" name="@BeforeMethod startExtent" time="0.0">
    <skipped/>
  </testcase> <!-- @BeforeMethod startExtent -->
  <testcase classname="base.CommonAPI" name="@AfterMethod afterEachTestMethod" time="0.0">
    <skipped/>
  </testcase> <!-- @AfterMethod afterEachTestMethod -->
  <testcase classname="base.CommonAPI" name="@BeforeMethod setUp" time="0.0">
    <skipped/>
  </testcase> <!-- @BeforeMethod setUp -->
  <testcase classname="base.CommonAPI" name="@BeforeMethod startExtent" time="0.0">
    <skipped/>
  </testcase> <!-- @BeforeMethod startExtent -->
  <testcase classname="base.CommonAPI" name="@AfterMethod afterEachTestMethod" time="0.0">
    <skipped/>
  </testcase> <!-- @AfterMethod afterEachTestMethod -->
  <testcase classname="base.CommonAPI" name="@BeforeMethod setUp" time="0.0">
    <skipped/>
  </testcase> <!-- @BeforeMethod setUp -->
  <testcase classname="base.CommonAPI" name="@BeforeMethod startExtent" time="0.0">
    <skipped/>
  </testcase> <!-- @BeforeMethod startExtent -->
  <testcase classname="base.CommonAPI" name="@AfterMethod afterEachTestMethod" time="0.0">
    <skipped/>
  </testcase> <!-- @AfterMethod afterEachTestMethod -->
  <testcase classname="base.CommonAPI" name="@BeforeMethod setUp" time="0.0">
    <skipped/>
  </testcase> <!-- @BeforeMethod setUp -->
  <testcase classname="base.CommonAPI" name="@BeforeMethod startExtent" time="0.0">
    <skipped/>
  </testcase> <!-- @BeforeMethod startExtent -->
  <testcase classname="base.CommonAPI" name="@AfterMethod afterEachTestMethod" time="0.0">
    <skipped/>
  </testcase> <!-- @AfterMethod afterEachTestMethod -->
  <testcase classname="base.CommonAPI" name="@BeforeMethod setUp" time="0.0">
    <skipped/>
  </testcase> <!-- @BeforeMethod setUp -->
  <testcase classname="base.CommonAPI" name="@BeforeMethod startExtent" time="0.0">
    <skipped/>
  </testcase> <!-- @BeforeMethod startExtent -->
  <testcase classname="base.CommonAPI" name="@AfterMethod afterEachTestMethod" time="0.0">
    <skipped/>
  </testcase> <!-- @AfterMethod afterEachTestMethod -->
  <testcase classname="base.CommonAPI" name="@BeforeMethod setUp" time="0.0">
    <skipped/>
  </testcase> <!-- @BeforeMethod setUp -->
  <testcase classname="base.CommonAPI" name="@BeforeMethod startExtent" time="0.0">
    <skipped/>
  </testcase> <!-- @BeforeMethod startExtent -->
  <testcase classname="base.CommonAPI" name="@AfterMethod afterEachTestMethod" time="0.0">
    <skipped/>
  </testcase> <!-- @AfterMethod afterEachTestMethod -->
  <testcase classname="base.CommonAPI" name="@BeforeMethod setUp" time="0.0">
    <skipped/>
  </testcase> <!-- @BeforeMethod setUp -->
  <testcase classname="base.CommonAPI" name="@BeforeMethod startExtent" time="0.0">
    <skipped/>
  </testcase> <!-- @BeforeMethod startExtent -->
  <testcase classname="base.CommonAPI" name="@AfterMethod afterEachTestMethod" time="0.0">
    <skipped/>
  </testcase> <!-- @AfterMethod afterEachTestMethod -->
  <testcase classname="base.CommonAPI" name="@BeforeMethod setUp" time="0.0">
    <skipped/>
  </testcase> <!-- @BeforeMethod setUp -->
  <testcase classname="base.CommonAPI" name="@BeforeMethod startExtent" time="0.0">
    <skipped/>
  </testcase> <!-- @BeforeMethod startExtent -->
  <testcase classname="base.CommonAPI" name="@AfterMethod afterEachTestMethod" time="0.0">
    <skipped/>
  </testcase> <!-- @AfterMethod afterEachTestMethod -->
  <testcase classname="base.CommonAPI" name="@BeforeMethod setUp" time="0.0">
    <skipped/>
  </testcase> <!-- @BeforeMethod setUp -->
  <testcase classname="base.CommonAPI" name="@BeforeMethod startExtent" time="0.0">
    <skipped/>
  </testcase> <!-- @BeforeMethod startExtent -->
  <testcase classname="base.CommonAPI" name="@AfterMethod afterEachTestMethod" time="0.0">
    <skipped/>
  </testcase> <!-- @AfterMethod afterEachTestMethod -->
  <testcase classname="base.CommonAPI" name="@BeforeMethod setUp" time="0.0">
    <skipped/>
  </testcase> <!-- @BeforeMethod setUp -->
  <testcase classname="base.CommonAPI" name="@BeforeMethod startExtent" time="0.0">
    <skipped/>
  </testcase> <!-- @BeforeMethod startExtent -->
  <testcase classname="base.CommonAPI" name="@AfterMethod afterEachTestMethod" time="0.0">
    <skipped/>
  </testcase> <!-- @AfterMethod afterEachTestMethod -->
  <testcase classname="base.CommonAPI" name="@BeforeMethod setUp" time="0.0">
    <skipped/>
  </testcase> <!-- @BeforeMethod setUp -->
  <testcase classname="base.CommonAPI" name="@BeforeMethod startExtent" time="0.0">
    <skipped/>
  </testcase> <!-- @BeforeMethod startExtent -->
  <testcase classname="base.CommonAPI" name="@AfterMethod afterEachTestMethod" time="0.0">
    <skipped/>
  </testcase> <!-- @AfterMethod afterEachTestMethod -->
  <testcase classname="base.CommonAPI" name="@BeforeMethod setUp" time="0.0">
    <skipped/>
  </testcase> <!-- @BeforeMethod setUp -->
  <testcase classname="base.CommonAPI" name="@BeforeMethod startExtent" time="0.0">
    <skipped/>
  </testcase> <!-- @BeforeMethod startExtent -->
  <testcase classname="base.CommonAPI" name="@AfterMethod afterEachTestMethod" time="0.0">
    <skipped/>
  </testcase> <!-- @AfterMethod afterEachTestMethod -->
  <testcase classname="base.CommonAPI" name="@BeforeMethod setUp" time="0.0">
    <skipped/>
  </testcase> <!-- @BeforeMethod setUp -->
  <testcase classname="base.CommonAPI" name="@BeforeMethod startExtent" time="0.0">
    <skipped/>
  </testcase> <!-- @BeforeMethod startExtent -->
  <testcase classname="base.CommonAPI" name="@AfterMethod afterEachTestMethod" time="0.0">
    <skipped/>
  </testcase> <!-- @AfterMethod afterEachTestMethod -->
  <testcase classname="base.CommonAPI" name="@BeforeMethod setUp" time="0.0">
    <failure type="org.testng.TestNGException" message="
Parameter &amp;apos;url&amp;apos; is required by BeforeMethod on method setUp but has not been marked @Optional or defined
">
      <![CDATA[org.testng.TestNGException: 
Parameter 'url' is required by BeforeMethod on method setUp but has not been marked @Optional or defined

... Removed 30 stack frames]]>
    </failure>
  </testcase> <!-- @BeforeMethod setUp -->
  <testcase classname="base.CommonAPI" name="@BeforeMethod startExtent" time="0.0">
    <skipped/>
  </testcase> <!-- @BeforeMethod startExtent -->
  <testcase classname="base.CommonAPI" name="@AfterMethod afterEachTestMethod" time="0.0">
    <skipped/>
  </testcase> <!-- @AfterMethod afterEachTestMethod -->
  <testcase classname="base.CommonAPI" name="@BeforeMethod setUp" time="0.0">
    <skipped/>
  </testcase> <!-- @BeforeMethod setUp -->
  <testcase classname="base.CommonAPI" name="@BeforeMethod startExtent" time="0.0">
    <skipped/>
  </testcase> <!-- @BeforeMethod startExtent -->
  <testcase classname="base.CommonAPI" name="@AfterMethod afterEachTestMethod" time="0.0">
    <skipped/>
  </testcase> <!-- @AfterMethod afterEachTestMethod -->
  <testcase classname="base.CommonAPI" name="@BeforeMethod setUp" time="0.0">
    <skipped/>
  </testcase> <!-- @BeforeMethod setUp -->
  <testcase classname="base.CommonAPI" name="@BeforeMethod startExtent" time="0.0">
    <skipped/>
  </testcase> <!-- @BeforeMethod startExtent -->
  <testcase classname="base.CommonAPI" name="@AfterMethod afterEachTestMethod" time="0.0">
    <skipped/>
  </testcase> <!-- @AfterMethod afterEachTestMethod -->
  <testcase classname="base.CommonAPI" name="@BeforeMethod setUp" time="0.0">
    <skipped/>
  </testcase> <!-- @BeforeMethod setUp -->
  <testcase classname="base.CommonAPI" name="@BeforeMethod startExtent" time="0.0">
    <skipped/>
  </testcase> <!-- @BeforeMethod startExtent -->
  <testcase classname="base.CommonAPI" name="@AfterMethod afterEachTestMethod" time="0.0">
    <skipped/>
  </testcase> <!-- @AfterMethod afterEachTestMethod -->
  <testcase classname="base.CommonAPI" name="@BeforeMethod setUp" time="0.0">
    <skipped/>
  </testcase> <!-- @BeforeMethod setUp -->
  <testcase classname="base.CommonAPI" name="@BeforeMethod startExtent" time="0.0">
    <skipped/>
  </testcase> <!-- @BeforeMethod startExtent -->
  <testcase classname="base.CommonAPI" name="@AfterMethod afterEachTestMethod" time="0.0">
    <skipped/>
  </testcase> <!-- @AfterMethod afterEachTestMethod -->
  <testcase classname="base.CommonAPI" name="@BeforeMethod setUp" time="0.0">
    <skipped/>
  </testcase> <!-- @BeforeMethod setUp -->
  <testcase classname="base.CommonAPI" name="@BeforeMethod startExtent" time="0.0">
    <skipped/>
  </testcase> <!-- @BeforeMethod startExtent -->
  <testcase classname="base.CommonAPI" name="@AfterMethod afterEachTestMethod" time="0.0">
    <skipped/>
  </testcase> <!-- @AfterMethod afterEachTestMethod -->
  <testcase classname="base.CommonAPI" name="@BeforeMethod setUp" time="0.0">
    <skipped/>
  </testcase> <!-- @BeforeMethod setUp -->
  <testcase classname="base.CommonAPI" name="@BeforeMethod startExtent" time="0.0">
    <skipped/>
  </testcase> <!-- @BeforeMethod startExtent -->
  <testcase classname="base.CommonAPI" name="@AfterMethod afterEachTestMethod" time="0.0">
    <skipped/>
  </testcase> <!-- @AfterMethod afterEachTestMethod -->
  <testcase classname="base.CommonAPI" name="@BeforeMethod setUp" time="0.0">
    <skipped/>
  </testcase> <!-- @BeforeMethod setUp -->
  <testcase classname="base.CommonAPI" name="@BeforeMethod startExtent" time="0.0">
    <skipped/>
  </testcase> <!-- @BeforeMethod startExtent -->
  <testcase classname="base.CommonAPI" name="@AfterMethod afterEachTestMethod" time="0.0">
    <skipped/>
  </testcase> <!-- @AfterMethod afterEachTestMethod -->
  <testcase classname="base.CommonAPI" name="@BeforeMethod setUp" time="0.0">
    <skipped/>
  </testcase> <!-- @BeforeMethod setUp -->
  <testcase classname="base.CommonAPI" name="@BeforeMethod startExtent" time="0.0">
    <skipped/>
  </testcase> <!-- @BeforeMethod startExtent -->
  <testcase classname="base.CommonAPI" name="@AfterMethod afterEachTestMethod" time="0.0">
    <skipped/>
  </testcase> <!-- @AfterMethod afterEachTestMethod -->
  <testcase classname="base.CommonAPI" name="@BeforeMethod setUp" time="0.0">
    <skipped/>
  </testcase> <!-- @BeforeMethod setUp -->
  <testcase classname="base.CommonAPI" name="@BeforeMethod startExtent" time="0.0">
    <skipped/>
  </testcase> <!-- @BeforeMethod startExtent -->
  <testcase classname="base.CommonAPI" name="@AfterMethod afterEachTestMethod" time="0.0">
    <skipped/>
  </testcase> <!-- @AfterMethod afterEachTestMethod -->
  <testcase classname="base.CommonAPI" name="@BeforeMethod setUp" time="0.0">
    <skipped/>
  </testcase> <!-- @BeforeMethod setUp -->
  <testcase classname="base.CommonAPI" name="@BeforeMethod startExtent" time="0.0">
    <skipped/>
  </testcase> <!-- @BeforeMethod startExtent -->
  <testcase classname="base.CommonAPI" name="@AfterMethod afterEachTestMethod" time="0.0">
    <skipped/>
  </testcase> <!-- @AfterMethod afterEachTestMethod -->
  <testcase classname="base.CommonAPI" name="@BeforeMethod setUp" time="0.0">
    <skipped/>
  </testcase> <!-- @BeforeMethod setUp -->
  <testcase classname="base.CommonAPI" name="@BeforeMethod startExtent" time="0.0">
    <skipped/>
  </testcase> <!-- @BeforeMethod startExtent -->
  <testcase classname="base.CommonAPI" name="@AfterMethod afterEachTestMethod" time="0.0">
    <skipped/>
  </testcase> <!-- @AfterMethod afterEachTestMethod -->
  <testcase classname="base.CommonAPI" name="@BeforeMethod setUp" time="0.0">
    <skipped/>
  </testcase> <!-- @BeforeMethod setUp -->
  <testcase classname="base.CommonAPI" name="@BeforeMethod startExtent" time="0.0">
    <skipped/>
  </testcase> <!-- @BeforeMethod startExtent -->
  <testcase classname="base.CommonAPI" name="@AfterMethod afterEachTestMethod" time="0.0">
    <skipped/>
  </testcase> <!-- @AfterMethod afterEachTestMethod -->
  <testcase classname="base.CommonAPI" name="@BeforeMethod setUp" time="0.0">
    <skipped/>
  </testcase> <!-- @BeforeMethod setUp -->
  <testcase classname="base.CommonAPI" name="@BeforeMethod startExtent" time="0.0">
    <skipped/>
  </testcase> <!-- @BeforeMethod startExtent -->
  <testcase classname="base.CommonAPI" name="@AfterMethod afterEachTestMethod" time="0.0">
    <skipped/>
  </testcase> <!-- @AfterMethod afterEachTestMethod -->
  <testcase classname="base.CommonAPI" name="@BeforeMethod setUp" time="0.0">
    <skipped/>
  </testcase> <!-- @BeforeMethod setUp -->
  <testcase classname="base.CommonAPI" name="@BeforeMethod startExtent" time="0.0">
    <skipped/>
  </testcase> <!-- @BeforeMethod startExtent -->
  <testcase classname="base.CommonAPI" name="@AfterMethod afterEachTestMethod" time="0.0">
    <skipped/>
  </testcase> <!-- @AfterMethod afterEachTestMethod -->
  <testcase classname="base.CommonAPI" name="@BeforeMethod setUp" time="0.0">
    <skipped/>
  </testcase> <!-- @BeforeMethod setUp -->
  <testcase classname="base.CommonAPI" name="@BeforeMethod startExtent" time="0.0">
    <skipped/>
  </testcase> <!-- @BeforeMethod startExtent -->
  <testcase classname="base.CommonAPI" name="@AfterMethod afterEachTestMethod" time="0.0">
    <skipped/>
  </testcase> <!-- @AfterMethod afterEachTestMethod -->
  <testcase classname="base.CommonAPI" name="@BeforeMethod setUp" time="0.0">
    <skipped/>
  </testcase> <!-- @BeforeMethod setUp -->
  <testcase classname="base.CommonAPI" name="@BeforeMethod startExtent" time="0.0">
    <skipped/>
  </testcase> <!-- @BeforeMethod startExtent -->
  <testcase classname="base.CommonAPI" name="@AfterMethod afterEachTestMethod" time="0.0">
    <skipped/>
  </testcase> <!-- @AfterMethod afterEachTestMethod -->
  <testcase classname="base.CommonAPI" name="@BeforeMethod setUp" time="0.0">
    <skipped/>
  </testcase> <!-- @BeforeMethod setUp -->
  <testcase classname="base.CommonAPI" name="@BeforeMethod startExtent" time="0.0">
    <skipped/>
  </testcase> <!-- @BeforeMethod startExtent -->
  <testcase classname="base.CommonAPI" name="@AfterMethod afterEachTestMethod" time="0.0">
    <skipped/>
  </testcase> <!-- @AfterMethod afterEachTestMethod -->
  <testcase classname="base.CommonAPI" name="@BeforeMethod setUp" time="0.0">
    <skipped/>
  </testcase> <!-- @BeforeMethod setUp -->
  <testcase classname="base.CommonAPI" name="@BeforeMethod startExtent" time="0.0">
    <skipped/>
  </testcase> <!-- @BeforeMethod startExtent -->
  <testcase classname="base.CommonAPI" name="@AfterMethod afterEachTestMethod" time="0.0">
    <skipped/>
  </testcase> <!-- @AfterMethod afterEachTestMethod -->
  <testcase classname="base.CommonAPI" name="@BeforeMethod setUp" time="0.0">
    <skipped/>
  </testcase> <!-- @BeforeMethod setUp -->
  <testcase classname="base.CommonAPI" name="@BeforeMethod startExtent" time="0.0">
    <skipped/>
  </testcase> <!-- @BeforeMethod startExtent -->
  <testcase classname="base.CommonAPI" name="@AfterMethod afterEachTestMethod" time="0.0">
    <skipped/>
  </testcase> <!-- @AfterMethod afterEachTestMethod -->
  <testcase classname="base.CommonAPI" name="@BeforeMethod setUp" time="0.0">
    <skipped/>
  </testcase> <!-- @BeforeMethod setUp -->
  <testcase classname="base.CommonAPI" name="@BeforeMethod startExtent" time="0.0">
    <skipped/>
  </testcase> <!-- @BeforeMethod startExtent -->
  <testcase classname="base.CommonAPI" name="@AfterMethod afterEachTestMethod" time="0.0">
    <skipped/>
  </testcase> <!-- @AfterMethod afterEachTestMethod -->
  <testcase classname="base.CommonAPI" name="@BeforeMethod setUp" time="0.0">
    <skipped/>
  </testcase> <!-- @BeforeMethod setUp -->
  <testcase classname="base.CommonAPI" name="@BeforeMethod startExtent" time="0.0">
    <skipped/>
  </testcase> <!-- @BeforeMethod startExtent -->
  <testcase classname="base.CommonAPI" name="@AfterMethod afterEachTestMethod" time="0.0">
    <skipped/>
  </testcase> <!-- @AfterMethod afterEachTestMethod -->
  <testcase classname="base.CommonAPI" name="@BeforeMethod setUp" time="0.0">
    <skipped/>
  </testcase> <!-- @BeforeMethod setUp -->
  <testcase classname="base.CommonAPI" name="@BeforeMethod startExtent" time="0.0">
    <skipped/>
  </testcase> <!-- @BeforeMethod startExtent -->
  <testcase classname="base.CommonAPI" name="@AfterMethod afterEachTestMethod" time="0.0">
    <skipped/>
  </testcase> <!-- @AfterMethod afterEachTestMethod -->
  <testcase classname="base.CommonAPI" name="@BeforeMethod setUp" time="0.0">
    <skipped/>
  </testcase> <!-- @BeforeMethod setUp -->
  <testcase classname="base.CommonAPI" name="@BeforeMethod startExtent" time="0.0">
    <skipped/>
  </testcase> <!-- @BeforeMethod startExtent -->
  <testcase classname="base.CommonAPI" name="@AfterMethod afterEachTestMethod" time="0.0">
    <skipped/>
  </testcase> <!-- @AfterMethod afterEachTestMethod -->
  <testcase classname="base.CommonAPI" name="@BeforeMethod setUp" time="0.0">
    <skipped/>
  </testcase> <!-- @BeforeMethod setUp -->
  <testcase classname="base.CommonAPI" name="@BeforeMethod startExtent" time="0.0">
    <skipped/>
  </testcase> <!-- @BeforeMethod startExtent -->
  <testcase classname="base.CommonAPI" name="@AfterMethod afterEachTestMethod" time="0.0">
    <skipped/>
  </testcase> <!-- @AfterMethod afterEachTestMethod -->
  <testcase classname="base.CommonAPI" name="@BeforeMethod setUp" time="0.0">
    <skipped/>
  </testcase> <!-- @BeforeMethod setUp -->
  <testcase classname="base.CommonAPI" name="@BeforeMethod startExtent" time="0.0">
    <skipped/>
  </testcase> <!-- @BeforeMethod startExtent -->
  <testcase classname="base.CommonAPI" name="@AfterMethod afterEachTestMethod" time="0.0">
    <skipped/>
  </testcase> <!-- @AfterMethod afterEachTestMethod -->
  <testcase classname="base.CommonAPI" name="@BeforeMethod setUp" time="0.0">
    <skipped/>
  </testcase> <!-- @BeforeMethod setUp -->
  <testcase classname="base.CommonAPI" name="@BeforeMethod startExtent" time="0.0">
    <skipped/>
  </testcase> <!-- @BeforeMethod startExtent -->
  <testcase classname="base.CommonAPI" name="@AfterMethod afterEachTestMethod" time="0.0">
    <skipped/>
  </testcase> <!-- @AfterMethod afterEachTestMethod -->
  <testcase classname="base.CommonAPI" name="@BeforeMethod setUp" time="0.0">
    <skipped/>
  </testcase> <!-- @BeforeMethod setUp -->
  <testcase classname="base.CommonAPI" name="@BeforeMethod startExtent" time="0.0">
    <skipped/>
  </testcase> <!-- @BeforeMethod startExtent -->
  <testcase classname="base.CommonAPI" name="@AfterMethod afterEachTestMethod" time="0.0">
    <skipped/>
  </testcase> <!-- @AfterMethod afterEachTestMethod -->
  <testcase classname="base.CommonAPI" name="@BeforeMethod setUp" time="0.0">
    <skipped/>
  </testcase> <!-- @BeforeMethod setUp -->
  <testcase classname="base.CommonAPI" name="@BeforeMethod startExtent" time="0.0">
    <skipped/>
  </testcase> <!-- @BeforeMethod startExtent -->
  <testcase classname="base.CommonAPI" name="@AfterMethod afterEachTestMethod" time="0.0">
    <skipped/>
  </testcase> <!-- @AfterMethod afterEachTestMethod -->
  <testcase classname="base.CommonAPI" name="@BeforeMethod setUp" time="0.0">
    <failure type="org.testng.TestNGException" message="
Parameter &amp;apos;url&amp;apos; is required by BeforeMethod on method setUp but has not been marked @Optional or defined
">
      <![CDATA[org.testng.TestNGException: 
Parameter 'url' is required by BeforeMethod on method setUp but has not been marked @Optional or defined

... Removed 30 stack frames]]>
    </failure>
  </testcase> <!-- @BeforeMethod setUp -->
  <testcase classname="base.CommonAPI" name="@BeforeMethod startExtent" time="0.0">
    <skipped/>
  </testcase> <!-- @BeforeMethod startExtent -->
  <testcase classname="base.CommonAPI" name="@AfterMethod afterEachTestMethod" time="0.0">
    <skipped/>
  </testcase> <!-- @AfterMethod afterEachTestMethod -->
  <testcase classname="base.CommonAPI" name="@BeforeMethod setUp" time="0.0">
    <skipped/>
  </testcase> <!-- @BeforeMethod setUp -->
  <testcase classname="base.CommonAPI" name="@BeforeMethod startExtent" time="0.0">
    <skipped/>
  </testcase> <!-- @BeforeMethod startExtent -->
  <testcase classname="base.CommonAPI" name="@AfterMethod afterEachTestMethod" time="0.0">
    <skipped/>
  </testcase> <!-- @AfterMethod afterEachTestMethod -->
  <testcase classname="base.CommonAPI" name="@BeforeMethod setUp" time="0.0">
    <skipped/>
  </testcase> <!-- @BeforeMethod setUp -->
  <testcase classname="base.CommonAPI" name="@BeforeMethod startExtent" time="0.0">
    <skipped/>
  </testcase> <!-- @BeforeMethod startExtent -->
  <testcase classname="base.CommonAPI" name="@AfterMethod afterEachTestMethod" time="0.0">
    <skipped/>
  </testcase> <!-- @AfterMethod afterEachTestMethod -->
  <testcase classname="base.CommonAPI" name="@BeforeMethod setUp" time="0.0">
    <skipped/>
  </testcase> <!-- @BeforeMethod setUp -->
  <testcase classname="base.CommonAPI" name="@BeforeMethod startExtent" time="0.0">
    <skipped/>
  </testcase> <!-- @BeforeMethod startExtent -->
  <testcase classname="base.CommonAPI" name="@AfterMethod afterEachTestMethod" time="0.0">
    <skipped/>
  </testcase> <!-- @AfterMethod afterEachTestMethod -->
  <testcase classname="base.CommonAPI" name="@BeforeMethod setUp" time="0.0">
    <failure type="org.testng.TestNGException" message="
Parameter &amp;apos;url&amp;apos; is required by BeforeMethod on method setUp but has not been marked @Optional or defined
">
      <![CDATA[org.testng.TestNGException: 
Parameter 'url' is required by BeforeMethod on method setUp but has not been marked @Optional or defined

... Removed 30 stack frames]]>
    </failure>
  </testcase> <!-- @BeforeMethod setUp -->
  <testcase classname="base.CommonAPI" name="@BeforeMethod startExtent" time="0.0">
    <skipped/>
  </testcase> <!-- @BeforeMethod startExtent -->
  <testcase classname="base.CommonAPI" name="@AfterMethod afterEachTestMethod" time="0.0">
    <skipped/>
  </testcase> <!-- @AfterMethod afterEachTestMethod -->
  <testcase classname="dataBaseSearch.TestSearchPage" name="testSearchPage" time="0.0">
    <skipped/>
  </testcase> <!-- testSearchPage -->
  <testcase classname="HomePage.TestSignInUser" name="testFacebookButtonFromSignIn" time="0.0">
    <skipped/>
  </testcase> <!-- testFacebookButtonFromSignIn -->
  <testcase classname="HomePage.TestSignInUser" name="testGoogleButtonFromSignIn" time="0.0">
    <skipped/>
  </testcase> <!-- testGoogleButtonFromSignIn -->
  <testcase classname="HomePage.TestSignInUser" name="testSignIn" time="0.0">
    <skipped/>
  </testcase> <!-- testSignIn -->
  <testcase classname="HomePage.TestSignInUser" name="testSignInAccount" time="0.0">
    <skipped/>
  </testcase> <!-- testSignInAccount -->
  <testcase classname="EBayFashionPage.TestCategory" name="testClickViewJewelry" time="0.0">
    <skipped/>
  </testcase> <!-- testClickViewJewelry -->
  <testcase classname="EBayFashionPage.TestCategory" name="testClickViewShoes" time="0.0">
    <skipped/>
  </testcase> <!-- testClickViewShoes -->
  <testcase classname="EBayFashionPage.TestCategory" name="testViewBeauty" time="0.0">
    <skipped/>
  </testcase> <!-- testViewBeauty -->
  <testcase classname="EBayFashionPage.TestCategory" name="testViewCultureEthnicClothing" time="0.0">
    <skipped/>
  </testcase> <!-- testViewCultureEthnicClothing -->
  <testcase classname="EBayFashionPage.TestCategory" name="testViewHandbagAccessories" time="0.0">
    <skipped/>
  </testcase> <!-- testViewHandbagAccessories -->
  <testcase classname="EBayFashionPage.TestCategory" name="testViewHealth" time="0.0">
    <skipped/>
  </testcase> <!-- testViewHealth -->
  <testcase classname="EBayFashionPage.TestCategory" name="testViewKidsBaby" time="0.0">
    <skipped/>
  </testcase> <!-- testViewKidsBaby -->
  <testcase classname="EBayFashionPage.TestCategory" name="testViewLogo" time="0.0">
    <skipped/>
  </testcase> <!-- testViewLogo -->
  <testcase classname="EBayFashionPage.TestCategory" name="testViewMensClothing" time="0.0">
    <skipped/>
  </testcase> <!-- testViewMensClothing -->
  <testcase classname="EBayFashionPage.TestCategory" name="testViewSportsFanClothing" time="0.0">
    <skipped/>
  </testcase> <!-- testViewSportsFanClothing -->
  <testcase classname="EBayFashionPage.TestCategory" name="testViewVintage" time="0.0">
    <skipped/>
  </testcase> <!-- testViewVintage -->
  <testcase classname="EBayFashionPage.TestCategory" name="testViewWatches" time="0.0">
    <skipped/>
  </testcase> <!-- testViewWatches -->
  <testcase classname="EBayFashionPage.TestExploreInterests" name="testViewMensBasics" time="0.0">
    <skipped/>
  </testcase> <!-- testViewMensBasics -->
  <testcase classname="EBayFashionPage.TestExploreInterests" name="testViewMensGrooming" time="0.0">
    <skipped/>
  </testcase> <!-- testViewMensGrooming -->
  <testcase classname="EBayFashionPage.TestExploreInterests" name="testViewMensStreetStyle" time="0.0">
    <skipped/>
  </testcase> <!-- testViewMensStreetStyle -->
  <testcase classname="EBayFashionPage.TestExploreInterests" name="testViewWomensBasic" time="0.0">
    <skipped/>
  </testcase> <!-- testViewWomensBasic -->
  <testcase classname="EBayFashionPage.TestExploreInterests" name="testViewWomensHeadToToeDenim" time="0.0">
    <skipped/>
  </testcase> <!-- testViewWomensHeadToToeDenim -->
  <testcase classname="EBayFashionPage.TestExploreInterests" name="testViewWomensLuxeBags" time="0.0">
    <skipped/>
  </testcase> <!-- testViewWomensLuxeBags -->
  <testcase classname="EBayFashionPage.TestExploreInterests" name="testViewWomensTrends" time="0.0">
    <skipped/>
  </testcase> <!-- testViewWomensTrends -->
  <testcase classname="EBayFashionPage.TestSalesEvents" name="testViewFashionFIxSignUp" time="0.0">
    <skipped/>
  </testcase> <!-- testViewFashionFIxSignUp -->
  <testcase classname="EBayFashionPage.TestSalesEvents" name="testViewWomensTrends" time="0.0">
    <skipped/>
  </testcase> <!-- testViewWomensTrends -->
  <testcase classname="EBayFashionPage.TestSalesEvents" name="testsViewFashionDeals" time="0.0">
    <skipped/>
  </testcase> <!-- testsViewFashionDeals -->
  <testcase classname="EBayFashionPage.TestSellOnEbay" name="testViewConsignItem" time="0.0">
    <skipped/>
  </testcase> <!-- testViewConsignItem -->
  <testcase classname="EBayFashionPage.TestSellOnEbay" name="testViewSellDirect" time="0.0">
    <skipped/>
  </testcase> <!-- testViewSellDirect -->
  <testcase classname="EBayFashionPage.TestTopBrands" name="testViewAdidas" time="0.0">
    <skipped/>
  </testcase> <!-- testViewAdidas -->
  <testcase classname="EBayFashionPage.TestTopBrands" name="testViewAirJordan" time="0.0">
    <skipped/>
  </testcase> <!-- testViewAirJordan -->
  <testcase classname="EBayFashionPage.TestTopBrands" name="testViewAnthropologie" time="0.0">
    <skipped/>
  </testcase> <!-- testViewAnthropologie -->
  <testcase classname="EBayFashionPage.TestTopBrands" name="testViewCalvinKlein" time="0.0">
    <skipped/>
  </testcase> <!-- testViewCalvinKlein -->
  <testcase classname="EBayFashionPage.TestTopBrands" name="testViewChanel" time="0.0">
    <skipped/>
  </testcase> <!-- testViewChanel -->
  <testcase classname="EBayFashionPage.TestTopBrands" name="testViewCoach" time="0.0">
    <skipped/>
  </testcase> <!-- testViewCoach -->
  <testcase classname="EBayFashionPage.TestTopBrands" name="testViewDavidYurman" time="0.0">
    <skipped/>
  </testcase> <!-- testViewDavidYurman -->
  <testcase classname="EBayFashionPage.TestTopBrands" name="testViewFreePeople" time="0.0">
    <skipped/>
  </testcase> <!-- testViewFreePeople -->
  <testcase classname="EBayFashionPage.TestTopBrands" name="testViewGucci" time="0.0">
    <skipped/>
  </testcase> <!-- testViewGucci -->
  <testcase classname="EBayFashionPage.TestTopBrands" name="testViewInvicta" time="0.0">
    <skipped/>
  </testcase> <!-- testViewInvicta -->
  <testcase classname="EBayFashionPage.TestTopBrands" name="testViewJCrew" time="0.0">
    <skipped/>
  </testcase> <!-- testViewJCrew -->
  <testcase classname="EBayFashionPage.TestTopBrands" name="testViewLevis" time="0.0">
    <skipped/>
  </testcase> <!-- testViewLevis -->
  <testcase classname="EBayFashionPage.TestTopBrands" name="testViewLouisVuitton" time="0.0">
    <skipped/>
  </testcase> <!-- testViewLouisVuitton -->
  <testcase classname="EBayFashionPage.TestTopBrands" name="testViewLuluMelon" time="0.0">
    <skipped/>
  </testcase> <!-- testViewLuluMelon -->
  <testcase classname="EBayFashionPage.TestTopBrands" name="testViewMadeWell" time="0.0">
    <skipped/>
  </testcase> <!-- testViewMadeWell -->
  <testcase classname="EBayFashionPage.TestTopBrands" name="testViewMichaelKors" time="0.0">
    <skipped/>
  </testcase> <!-- testViewMichaelKors -->
  <testcase classname="EBayFashionPage.TestTopBrands" name="testViewNike" time="0.0">
    <skipped/>
  </testcase> <!-- testViewNike -->
  <testcase classname="EBayFashionPage.TestTopBrands" name="testViewOmega" time="0.0">
    <skipped/>
  </testcase> <!-- testViewOmega -->
  <testcase classname="EBayFashionPage.TestTopBrands" name="testViewRalphLauren" time="0.0">
    <skipped/>
  </testcase> <!-- testViewRalphLauren -->
  <testcase classname="EBayFashionPage.TestTopBrands" name="testViewRayBan" time="0.0">
    <skipped/>
  </testcase> <!-- testViewRayBan -->
  <testcase classname="EBayFashionPage.TestTopBrands" name="testViewRolex" time="0.0">
    <skipped/>
  </testcase> <!-- testViewRolex -->
  <testcase classname="EBayFashionPage.TestTopBrands" name="testViewSupreme" time="0.0">
    <skipped/>
  </testcase> <!-- testViewSupreme -->
  <testcase classname="EBayFashionPage.TestTopBrands" name="testViewToryBurch" time="0.0">
    <skipped/>
  </testcase> <!-- testViewToryBurch -->
  <testcase classname="EBayFashionPage.TestTopBrands" name="testViewUnderArmour" time="0.0">
    <skipped/>
  </testcase> <!-- testViewUnderArmour -->
  <testcase classname="EBayFashionPage.TestTopBrands" name="testViewVictoriaSecret" time="0.0">
    <skipped/>
  </testcase> <!-- testViewVictoriaSecret -->
  <testcase classname="EBayFashionPage.TestTopBrands" name="testViewZara" time="0.0">
    <skipped/>
  </testcase> <!-- testViewZara -->
  <testcase classname="EBayMotorsPage.TestEBayMotors" name="ViewElectricHybrid" time="0.0">
    <skipped/>
  </testcase> <!-- ViewElectricHybrid -->
  <testcase classname="EBayMotorsPage.TestEBayMotors" name="testViewAllParts" time="0.0">
    <skipped/>
  </testcase> <!-- testViewAllParts -->
  <testcase classname="EBayMotorsPage.TestEBayMotors" name="testViewAtvUtvParts" time="0.0">
    <skipped/>
  </testcase> <!-- testViewAtvUtvParts -->
  <testcase classname="EBayMotorsPage.TestEBayMotors" name="testViewAutoMativeToolSupply" time="0.0">
    <skipped/>
  </testcase> <!-- testViewAutoMativeToolSupply -->
  <testcase classname="EBayMotorsPage.TestEBayMotors" name="testViewBlog" time="0.0">
    <skipped/>
  </testcase> <!-- testViewBlog -->
  <testcase classname="EBayMotorsPage.TestEBayMotors" name="testViewBoat" time="0.0">
    <skipped/>
  </testcase> <!-- testViewBoat -->
  <testcase classname="EBayMotorsPage.TestEBayMotors" name="testViewCarCare" time="0.0">
    <skipped/>
  </testcase> <!-- testViewCarCare -->
  <testcase classname="EBayMotorsPage.TestEBayMotors" name="testViewCarTruck" time="0.0">
    <skipped/>
  </testcase> <!-- testViewCarTruck -->
  <testcase classname="EBayMotorsPage.TestEBayMotors" name="testViewCarTruckParts" time="0.0">
    <skipped/>
  </testcase> <!-- testViewCarTruckParts -->
  <testcase classname="EBayMotorsPage.TestEBayMotors" name="testViewClassic" time="0.0">
    <skipped/>
  </testcase> <!-- testViewClassic -->
  <testcase classname="EBayMotorsPage.TestEBayMotors" name="testViewCollectorCar" time="0.0">
    <skipped/>
  </testcase> <!-- testViewCollectorCar -->
  <testcase classname="EBayMotorsPage.TestEBayMotors" name="testViewCommercialTruckParts" time="0.0">
    <skipped/>
  </testcase> <!-- testViewCommercialTruckParts -->
  <testcase classname="EBayMotorsPage.TestEBayMotors" name="testViewDigitalManual" time="0.0">
    <skipped/>
  </testcase> <!-- testViewDigitalManual -->
  <testcase classname="EBayMotorsPage.TestEBayMotors" name="testViewExotic" time="0.0">
    <skipped/>
  </testcase> <!-- testViewExotic -->
  <testcase classname="EBayMotorsPage.TestEBayMotors" name="testViewFindParts" time="0.0">
    <skipped/>
  </testcase> <!-- testViewFindParts -->
  <testcase classname="EBayMotorsPage.TestEBayMotors" name="testViewMotorCycle" time="0.0">
    <skipped/>
  </testcase> <!-- testViewMotorCycle -->
  <testcase classname="EBayMotorsPage.TestEBayMotors" name="testViewMotorCycleParts" time="0.0">
    <skipped/>
  </testcase> <!-- testViewMotorCycleParts -->
  <testcase classname="EBayMotorsPage.TestEBayMotors" name="testViewMotorsDailyDeals" time="0.0">
    <skipped/>
  </testcase> <!-- testViewMotorsDailyDeals -->
  <testcase classname="EBayMotorsPage.TestEBayMotors" name="testViewMotorsSalesEvents" time="0.0">
    <skipped/>
  </testcase> <!-- testViewMotorsSalesEvents -->
  <testcase classname="EBayMotorsPage.TestEBayMotors" name="testViewOther" time="0.0">
    <skipped/>
  </testcase> <!-- testViewOther -->
  <testcase classname="EBayMotorsPage.TestEBayMotors" name="testViewPartsHub" time="0.0">
    <skipped/>
  </testcase> <!-- testViewPartsHub -->
  <testcase classname="EBayMotorsPage.TestEBayMotors" name="testViewPowerSport" time="0.0">
    <skipped/>
  </testcase> <!-- testViewPowerSport -->
  <testcase classname="EBayMotorsPage.TestEBayMotors" name="testViewSellParts" time="0.0">
    <skipped/>
  </testcase> <!-- testViewSellParts -->
  <testcase classname="EBayMotorsPage.TestEBayMotors" name="testViewSellVehicle" time="0.0">
    <skipped/>
  </testcase> <!-- testViewSellVehicle -->
  <testcase classname="EBayMotorsPage.TestEBayMotors" name="testViewSendSuggestion" time="0.0">
    <skipped/>
  </testcase> <!-- testViewSendSuggestion -->
  <testcase classname="EBayMotorsPage.TestEBayMotors" name="testViewShipTires" time="0.0">
    <skipped/>
  </testcase> <!-- testViewShipTires -->
  <testcase classname="EBayMotorsPage.TestEBayMotors" name="testViewTellWhatYouThink" time="0.0">
    <skipped/>
  </testcase> <!-- testViewTellWhatYouThink -->
  <testcase classname="EBayMotorsPage.TestEBayMotors" name="testViewVehiclesSalesHub" time="0.0">
    <skipped/>
  </testcase> <!-- testViewVehiclesSalesHub -->
  <testcase classname="EBayMotorsPage.TestEBayMotors" name="testViewVirtualTech" time="0.0">
    <skipped/>
  </testcase> <!-- testViewVirtualTech -->
  <testcase classname="EBayMotorsPage.TestEBayMotors" name="testViewWheelParts" time="0.0">
    <skipped/>
  </testcase> <!-- testViewWheelParts -->
  <testcase classname="HomePage.TestPageElement" name="testActiveWearMen" time="0.0">
    <skipped/>
  </testcase> <!-- testActiveWearMen -->
  <testcase classname="HomePage.TestPageElement" name="testActiveWearWomen" time="0.0">
    <skipped/>
  </testcase> <!-- testActiveWearWomen -->
  <testcase classname="HomePage.TestPageElement" name="testBusinessIndustrial" time="0.0">
    <skipped/>
  </testcase> <!-- testBusinessIndustrial -->
  <testcase classname="HomePage.TestPageElement" name="testCollectible" time="0.0">
    <skipped/>
  </testcase> <!-- testCollectible -->
  <testcase classname="HomePage.TestPageElement" name="testDailyDealsAll" time="0.0">
    <skipped/>
  </testcase> <!-- testDailyDealsAll -->
  <testcase classname="HomePage.TestPageElement" name="testDeals" time="0.0">
    <skipped/>
  </testcase> <!-- testDeals -->
  <testcase classname="HomePage.TestPageElement" name="testEditorsPick" time="0.0">
    <skipped/>
  </testcase> <!-- testEditorsPick -->
  <testcase classname="HomePage.TestPageElement" name="testElectronics" time="0.0">
    <skipped/>
  </testcase> <!-- testElectronics -->
  <testcase classname="HomePage.TestPageElement" name="testFeaturedSale" time="0.0">
    <skipped/>
  </testcase> <!-- testFeaturedSale -->
  <testcase classname="HomePage.TestPageElement" name="testFindTheBeat" time="0.0">
    <skipped/>
  </testcase> <!-- testFindTheBeat -->
  <testcase classname="HomePage.TestPageElement" name="testFuelYourFitness" time="0.0">
    <skipped/>
  </testcase> <!-- testFuelYourFitness -->
  <testcase classname="HomePage.TestPageElement" name="testGearUp" time="0.0">
    <skipped/>
  </testcase> <!-- testGearUp -->
  <testcase classname="HomePage.TestPageElement" name="testHelpContact" time="0.0">
    <skipped/>
  </testcase> <!-- testHelpContact -->
  <testcase classname="HomePage.TestPageElement" name="testJuiceIt" time="0.0">
    <skipped/>
  </testcase> <!-- testJuiceIt -->
  <testcase classname="HomePage.TestPageElement" name="testLoveYourLook" time="0.0">
    <skipped/>
  </testcase> <!-- testLoveYourLook -->
  <testcase classname="HomePage.TestPageElement" name="testMusic" time="0.0">
    <skipped/>
  </testcase> <!-- testMusic -->
  <testcase classname="HomePage.TestPageElement" name="testPlayPause" time="0.0">
    <skipped/>
  </testcase> <!-- testPlayPause -->
  <testcase classname="HomePage.TestPageElement" name="testSellHot" time="0.0">
    <skipped/>
  </testcase> <!-- testSellHot -->
  <testcase classname="HomePage.TestPageElement" name="testTrackProgress" time="0.0">
    <skipped/>
  </testcase> <!-- testTrackProgress -->
  <testcase classname="HomePage.TestPageElement" name="testTrendingOnEbay" time="0.0">
    <skipped/>
  </testcase> <!-- testTrendingOnEbay -->
  <testcase classname="HomePage.TestPageElement" name="testUnderTen" time="0.0">
    <skipped/>
  </testcase> <!-- testUnderTen -->
  <testcase classname="HomePage.TestPageElement" name="testViewDailyDeals" time="0.0">
    <skipped/>
  </testcase> <!-- testViewDailyDeals -->
  <testcase classname="HomePage.TestPageElement" name="testViewFashion" time="0.0">
    <skipped/>
  </testcase> <!-- testViewFashion -->
  <testcase classname="HomePage.TestPageElement" name="testViewHome" time="0.0">
    <skipped/>
  </testcase> <!-- testViewHome -->
  <testcase classname="HomePage.TestPageElement" name="testViewHomeGarden" time="0.0">
    <skipped/>
  </testcase> <!-- testViewHomeGarden -->
  <testcase classname="HomePage.TestPageElement" name="testViewLogo" time="0.0">
    <skipped/>
  </testcase> <!-- testViewLogo -->
  <testcase classname="HomePage.TestPageElement" name="testViewMotors" time="0.0">
    <skipped/>
  </testcase> <!-- testViewMotors -->
  <testcase classname="HomePage.TestPageElement" name="testViewSaved" time="0.0">
    <skipped/>
  </testcase> <!-- testViewSaved -->
  <testcase classname="HomePage.TestPageElement" name="testViewToys" time="0.0">
    <skipped/>
  </testcase> <!-- testViewToys -->
  <testcase classname="HomePage.TestRegisterUser" name="testCreateAccount" time="0.0">
    <skipped/>
  </testcase> <!-- testCreateAccount -->
  <testcase classname="HomePage.TestRegisterUser" name="testFacebookContinueButton" time="0.0">
    <skipped/>
  </testcase> <!-- testFacebookContinueButton -->
  <testcase classname="HomePage.TestRegisterUser" name="testGoogleContinueButton" time="0.0">
    <skipped/>
  </testcase> <!-- testGoogleContinueButton -->
  <testcase classname="HomePage.TestRegisterUser" name="testViewRegister" time="0.0">
    <skipped/>
  </testcase> <!-- testViewRegister -->
  <testcase classname="HomePage.TestSearchEBay" name="searchItems" time="0.0">
    <skipped/>
  </testcase> <!-- searchItems -->
  <testcase classname="base.CommonAPI" name="@BeforeSuite extentSetup" time="0.0">
    <ignored/>
  </testcase> <!-- @BeforeSuite extentSetup -->
  <testcase classname="base.CommonAPI" name="@BeforeSuite extentSetup" time="0.0">
    <ignored/>
  </testcase> <!-- @BeforeSuite extentSetup -->
  <testcase classname="base.CommonAPI" name="@BeforeSuite extentSetup" time="0.0">
    <ignored/>
  </testcase> <!-- @BeforeSuite extentSetup -->
  <testcase classname="base.CommonAPI" name="@BeforeSuite extentSetup" time="0.0">
    <ignored/>
  </testcase> <!-- @BeforeSuite extentSetup -->
  <testcase classname="base.CommonAPI" name="@BeforeSuite extentSetup" time="0.0">
    <ignored/>
  </testcase> <!-- @BeforeSuite extentSetup -->
  <testcase classname="base.CommonAPI" name="@BeforeSuite extentSetup" time="0.0">
    <ignored/>
  </testcase> <!-- @BeforeSuite extentSetup -->
  <testcase classname="base.CommonAPI" name="@BeforeSuite extentSetup" time="0.0">
    <ignored/>
  </testcase> <!-- @BeforeSuite extentSetup -->
  <testcase classname="base.CommonAPI" name="@BeforeSuite extentSetup" time="0.0">
    <ignored/>
  </testcase> <!-- @BeforeSuite extentSetup -->
  <testcase classname="base.CommonAPI" name="@BeforeSuite extentSetup" time="0.0">
    <ignored/>
  </testcase> <!-- @BeforeSuite extentSetup -->
  <testcase classname="base.CommonAPI" name="@BeforeSuite extentSetup" time="0.0">
    <ignored/>
  </testcase> <!-- @BeforeSuite extentSetup -->
  <testcase classname="base.CommonAPI" name="@AfterSuite generateReport" time="0.0">
    <ignored/>
  </testcase> <!-- @AfterSuite generateReport -->
  <testcase classname="base.CommonAPI" name="@AfterSuite generateReport" time="0.0">
    <ignored/>
  </testcase> <!-- @AfterSuite generateReport -->
  <testcase classname="base.CommonAPI" name="@AfterSuite generateReport" time="0.0">
    <ignored/>
  </testcase> <!-- @AfterSuite generateReport -->
  <testcase classname="base.CommonAPI" name="@AfterSuite generateReport" time="0.0">
    <ignored/>
  </testcase> <!-- @AfterSuite generateReport -->
  <testcase classname="base.CommonAPI" name="@AfterSuite generateReport" time="0.0">
    <ignored/>
  </testcase> <!-- @AfterSuite generateReport -->
  <testcase classname="base.CommonAPI" name="@AfterSuite generateReport" time="0.0">
    <ignored/>
  </testcase> <!-- @AfterSuite generateReport -->
  <testcase classname="base.CommonAPI" name="@AfterSuite generateReport" time="0.0">
    <ignored/>
  </testcase> <!-- @AfterSuite generateReport -->
  <testcase classname="base.CommonAPI" name="@AfterSuite generateReport" time="0.0">
    <ignored/>
  </testcase> <!-- @AfterSuite generateReport -->
  <testcase classname="base.CommonAPI" name="@AfterSuite generateReport" time="0.0">
    <ignored/>
  </testcase> <!-- @AfterSuite generateReport -->
  <testcase classname="base.CommonAPI" name="@AfterSuite generateReport" time="0.0">
    <ignored/>
  </testcase> <!-- @AfterSuite generateReport -->
</testsuite> <!-- Surefire test -->
