<?xml version="1.0" encoding="UTF-8"?>
<testsuite xmlns:xsi="http://www.w3.org/2001/XMLSchema-instance" xsi:noNamespaceSchemaLocation="https://maven.apache.org/surefire/maven-surefire-plugin/xsd/surefire-test-report.xsd" name="TestSuite" time="1.659" tests="477" errors="0" skipped="465" failures="12">
  <properties>
[...]
</properties>
  <testcase name="setUp" classname="dataBaseSearch.TestSearchPage" time="0.69">
    <failure message="&#10;Parameter &apos;url&apos; is required by BeforeMethod on method setUp but has not been marked @Optional or defined&#10;" type="org.testng.TestNGException">org.testng.TestNGException: 

Parameter 'url' is required by BeforeMethod on method setUp but has not been marked @Optional or defined

</failure>
  </testcase>
  <testcase name="startExtent" classname="dataBaseSearch.TestSearchPage" time="0">
    <skipped/>
  </testcase>
  <testcase name="testSearchPage" classname="dataBaseSearch.TestSearchPage" time="0">
    <skipped message="&#10;Parameter &apos;url&apos; is required by BeforeMethod on method setUp but has not been marked @Optional or defined&#10;"/>
  </testcase>
  <testcase name="afterEachTestMethod" classname="dataBaseSearch.TestSearchPage" time="0">
    <skipped/>
  </testcase>
  <testcase name="setUp" classname="HomePage.TestSignInUser" time="0.691">
    <failure message="&#10;Parameter &apos;url&apos; is required by BeforeMethod on method setUp but has not been marked @Optional or defined&#10;" type="org.testng.TestNGException">org.testng.TestNGException: 

Parameter 'url' is required by BeforeMethod on method setUp but has not been marked @Optional or defined

</failure>
  </testcase>
  <testcase name="setUp" classname="HomePage.TestSignInUser" time="0">
    <skipped/>
  </testcase>
  <testcase name="setUp" classname="HomePage.TestSignInUser" time="0">
    <skipped/>
  </testcase>
  <testcase name="setUp" classname="HomePage.TestSignInUser" time="0">
    <skipped/>
  </testcase>
  <testcase name="startExtent" classname="HomePage.TestSignInUser" time="0">
    <skipped/>
  </testcase>
  <testcase name="startExtent" classname="HomePage.TestSignInUser" time="0">
    <skipped/>
  </testcase>
  <testcase name="startExtent" classname="HomePage.TestSignInUser" time="0">
    <skipped/>
  </testcase>
  <testcase name="startExtent" classname="HomePage.TestSignInUser" time="0">
    <skipped/>
  </testcase>
  <testcase name="testFacebookButtonFromSignIn" classname="HomePage.TestSignInUser" time="0">
    <skipped message="&#10;Parameter &apos;url&apos; is required by BeforeMethod on method setUp but has not been marked @Optional or defined&#10;"/>
  </testcase>
  <testcase name="afterEachTestMethod" classname="HomePage.TestSignInUser" time="0">
    <skipped/>
  </testcase>
  <testcase name="afterEachTestMethod" classname="HomePage.TestSignInUser" time="0">
    <skipped/>
  </testcase>
  <testcase name="afterEachTestMethod" classname="HomePage.TestSignInUser" time="0">
    <skipped/>
  </testcase>
  <testcase name="afterEachTestMethod" classname="HomePage.TestSignInUser" time="0">
    <skipped/>
  </testcase>
  <testcase name="testGoogleButtonFromSignIn" classname="HomePage.TestSignInUser" time="0">
    <skipped message="&#10;Parameter &apos;url&apos; is required by BeforeMethod on method setUp but has not been marked @Optional or defined&#10;"/>
  </testcase>
  <testcase name="testSignIn" classname="HomePage.TestSignInUser" time="0">
    <skipped message="&#10;Parameter &apos;url&apos; is required by BeforeMethod on method setUp but has not been marked @Optional or defined&#10;"/>
  </testcase>
  <testcase name="testSignInAccount" classname="HomePage.TestSignInUser" time="0">
    <skipped message="&#10;Parameter &apos;url&apos; is required by BeforeMethod on method setUp but has not been marked @Optional or defined&#10;"/>
  </testcase>
  <testcase name="setUp" classname="EBayFashionPage.TestCategory" time="0.697">
    <failure message="&#10;Parameter &apos;url&apos; is required by BeforeMethod on method setUp but has not been marked @Optional or defined&#10;" type="org.testng.TestNGException">org.testng.TestNGException: 

Parameter 'url' is required by BeforeMethod on method setUp but has not been marked @Optional or defined

</failure>
  </testcase>
  <testcase name="setUp" classname="EBayFashionPage.TestCategory" time="0">
    <skipped/>
  </testcase>
  <testcase name="setUp" classname="EBayFashionPage.TestCategory" time="0">
    <skipped/>
  </testcase>
  <testcase name="setUp" classname="EBayFashionPage.TestCategory" time="0">
    <skipped/>
  </testcase>
  <testcase name="setUp" classname="EBayFashionPage.TestCategory" time="0">
    <skipped/>
  </testcase>
  <testcase name="setUp" classname="EBayFashionPage.TestCategory" time="0">
    <skipped/>
  </testcase>
  <testcase name="setUp" classname="EBayFashionPage.TestCategory" time="0">
    <skipped/>
  </testcase>
  <testcase name="setUp" classname="EBayFashionPage.TestCategory" time="0">
    <skipped/>
  </testcase>
  <testcase name="setUp" classname="EBayFashionPage.TestCategory" time="0">
    <skipped/>
  </testcase>
  <testcase name="setUp" classname="EBayFashionPage.TestCategory" time="0">
    <skipped/>
  </testcase>
  <testcase name="setUp" classname="EBayFashionPage.TestCategory" time="0">
    <skipped/>
  </testcase>
  <testcase name="setUp" classname="EBayFashionPage.TestCategory" time="0">
    <skipped/>
  </testcase>
  <testcase name="startExtent" classname="EBayFashionPage.TestCategory" time="0">
    <skipped/>
  </testcase>
  <testcase name="startExtent" classname="EBayFashionPage.TestCategory" time="0">
    <skipped/>
  </testcase>
  <testcase name="startExtent" classname="EBayFashionPage.TestCategory" time="0">
    <skipped/>
  </testcase>
  <testcase name="startExtent" classname="EBayFashionPage.TestCategory" time="0">
    <skipped/>
  </testcase>
  <testcase name="startExtent" classname="EBayFashionPage.TestCategory" time="0">
    <skipped/>
  </testcase>
  <testcase name="startExtent" classname="EBayFashionPage.TestCategory" time="0">
    <skipped/>
  </testcase>
  <testcase name="startExtent" classname="EBayFashionPage.TestCategory" time="0">
    <skipped/>
  </testcase>
  <testcase name="startExtent" classname="EBayFashionPage.TestCategory" time="0">
    <skipped/>
  </testcase>
  <testcase name="startExtent" classname="EBayFashionPage.TestCategory" time="0">
    <skipped/>
  </testcase>
  <testcase name="startExtent" classname="EBayFashionPage.TestCategory" time="0">
    <skipped/>
  </testcase>
  <testcase name="startExtent" classname="EBayFashionPage.TestCategory" time="0">
    <skipped/>
  </testcase>
  <testcase name="startExtent" classname="EBayFashionPage.TestCategory" time="0">
    <skipped/>
  </testcase>
  <testcase name="testClickViewJewelry" classname="EBayFashionPage.TestCategory" time="0">
    <skipped message="&#10;Parameter &apos;url&apos; is required by BeforeMethod on method setUp but has not been marked @Optional or defined&#10;"/>
  </testcase>
  <testcase name="afterEachTestMethod" classname="EBayFashionPage.TestCategory" time="0">
    <skipped/>
  </testcase>
  <testcase name="afterEachTestMethod" classname="EBayFashionPage.TestCategory" time="0">
    <skipped/>
  </testcase>
  <testcase name="afterEachTestMethod" classname="EBayFashionPage.TestCategory" time="0">
    <skipped/>
  </testcase>
  <testcase name="afterEachTestMethod" classname="EBayFashionPage.TestCategory" time="0">
    <skipped/>
  </testcase>
  <testcase name="afterEachTestMethod" classname="EBayFashionPage.TestCategory" time="0">
    <skipped/>
  </testcase>
  <testcase name="afterEachTestMethod" classname="EBayFashionPage.TestCategory" time="0">
    <skipped/>
  </testcase>
  <testcase name="afterEachTestMethod" classname="EBayFashionPage.TestCategory" time="0">
    <skipped/>
  </testcase>
  <testcase name="afterEachTestMethod" classname="EBayFashionPage.TestCategory" time="0">
    <skipped/>
  </testcase>
  <testcase name="afterEachTestMethod" classname="EBayFashionPage.TestCategory" time="0">
    <skipped/>
  </testcase>
  <testcase name="afterEachTestMethod" classname="EBayFashionPage.TestCategory" time="0">
    <skipped/>
  </testcase>
  <testcase name="afterEachTestMethod" classname="EBayFashionPage.TestCategory" time="0">
    <skipped/>
  </testcase>
  <testcase name="afterEachTestMethod" classname="EBayFashionPage.TestCategory" time="0">
    <skipped/>
  </testcase>
  <testcase name="testClickViewShoes" classname="EBayFashionPage.TestCategory" time="0">
    <skipped message="&#10;Parameter &apos;url&apos; is required by BeforeMethod on method setUp but has not been marked @Optional or defined&#10;"/>
  </testcase>
  <testcase name="testViewBeauty" classname="EBayFashionPage.TestCategory" time="0">
    <skipped message="&#10;Parameter &apos;url&apos; is required by BeforeMethod on method setUp but has not been marked @Optional or defined&#10;"/>
  </testcase>
  <testcase name="testViewCultureEthnicClothing" classname="EBayFashionPage.TestCategory" time="0">
    <skipped message="&#10;Parameter &apos;url&apos; is required by BeforeMethod on method setUp but has not been marked @Optional or defined&#10;"/>
  </testcase>
  <testcase name="testViewHandbagAccessories" classname="EBayFashionPage.TestCategory" time="0">
    <skipped message="&#10;Parameter &apos;url&apos; is required by BeforeMethod on method setUp but has not been marked @Optional or defined&#10;"/>
  </testcase>
  <testcase name="testViewHealth" classname="EBayFashionPage.TestCategory" time="0">
    <skipped message="&#10;Parameter &apos;url&apos; is required by BeforeMethod on method setUp but has not been marked @Optional or defined&#10;"/>
  </testcase>
  <testcase name="testViewKidsBaby" classname="EBayFashionPage.TestCategory" time="0">
    <skipped message="&#10;Parameter &apos;url&apos; is required by BeforeMethod on method setUp but has not been marked @Optional or defined&#10;"/>
  </testcase>
  <testcase name="testViewLogo" classname="EBayFashionPage.TestCategory" time="0">
    <skipped message="&#10;Parameter &apos;url&apos; is required by BeforeMethod on method setUp but has not been marked @Optional or defined&#10;"/>
  </testcase>
  <testcase name="testViewMensClothing" classname="EBayFashionPage.TestCategory" time="0">
    <skipped message="&#10;Parameter &apos;url&apos; is required by BeforeMethod on method setUp but has not been marked @Optional or defined&#10;"/>
  </testcase>
  <testcase name="testViewSportsFanClothing" classname="EBayFashionPage.TestCategory" time="0">
    <skipped message="&#10;Parameter &apos;url&apos; is required by BeforeMethod on method setUp but has not been marked @Optional or defined&#10;"/>
  </testcase>
  <testcase name="testViewVintage" classname="EBayFashionPage.TestCategory" time="0">
    <skipped message="&#10;Parameter &apos;url&apos; is required by BeforeMethod on method setUp but has not been marked @Optional or defined&#10;"/>
  </testcase>
  <testcase name="testViewWatches" classname="EBayFashionPage.TestCategory" time="0">
    <skipped message="&#10;Parameter &apos;url&apos; is required by BeforeMethod on method setUp but has not been marked @Optional or defined&#10;"/>
  </testcase>
  <testcase name="setUp" classname="EBayFashionPage.TestExploreInterests" time="0.707">
    <failure message="&#10;Parameter &apos;url&apos; is required by BeforeMethod on method setUp but has not been marked @Optional or defined&#10;" type="org.testng.TestNGException">org.testng.TestNGException: 

Parameter 'url' is required by BeforeMethod on method setUp but has not been marked @Optional or defined

</failure>
  </testcase>
  <testcase name="setUp" classname="EBayFashionPage.TestExploreInterests" time="0">
    <skipped/>
  </testcase>
  <testcase name="setUp" classname="EBayFashionPage.TestExploreInterests" time="0">
    <skipped/>
  </testcase>
  <testcase name="setUp" classname="EBayFashionPage.TestExploreInterests" time="0">
    <skipped/>
  </testcase>
  <testcase name="setUp" classname="EBayFashionPage.TestExploreInterests" time="0">
    <skipped/>
  </testcase>
  <testcase name="setUp" classname="EBayFashionPage.TestExploreInterests" time="0">
    <skipped/>
  </testcase>
  <testcase name="setUp" classname="EBayFashionPage.TestExploreInterests" time="0">
    <skipped/>
  </testcase>
  <testcase name="startExtent" classname="EBayFashionPage.TestExploreInterests" time="0">
    <skipped/>
  </testcase>
  <testcase name="startExtent" classname="EBayFashionPage.TestExploreInterests" time="0">
    <skipped/>
  </testcase>
  <testcase name="startExtent" classname="EBayFashionPage.TestExploreInterests" time="0">
    <skipped/>
  </testcase>
  <testcase name="startExtent" classname="EBayFashionPage.TestExploreInterests" time="0">
    <skipped/>
  </testcase>
  <testcase name="startExtent" classname="EBayFashionPage.TestExploreInterests" time="0">
    <skipped/>
  </testcase>
  <testcase name="startExtent" classname="EBayFashionPage.TestExploreInterests" time="0">
    <skipped/>
  </testcase>
  <testcase name="startExtent" classname="EBayFashionPage.TestExploreInterests" time="0">
    <skipped/>
  </testcase>
  <testcase name="testViewMensBasics" classname="EBayFashionPage.TestExploreInterests" time="0">
    <skipped message="&#10;Parameter &apos;url&apos; is required by BeforeMethod on method setUp but has not been marked @Optional or defined&#10;"/>
  </testcase>
  <testcase name="afterEachTestMethod" classname="EBayFashionPage.TestExploreInterests" time="0">
    <skipped/>
  </testcase>
  <testcase name="afterEachTestMethod" classname="EBayFashionPage.TestExploreInterests" time="0">
    <skipped/>
  </testcase>
  <testcase name="afterEachTestMethod" classname="EBayFashionPage.TestExploreInterests" time="0">
    <skipped/>
  </testcase>
  <testcase name="afterEachTestMethod" classname="EBayFashionPage.TestExploreInterests" time="0">
    <skipped/>
  </testcase>
  <testcase name="afterEachTestMethod" classname="EBayFashionPage.TestExploreInterests" time="0">
    <skipped/>
  </testcase>
  <testcase name="afterEachTestMethod" classname="EBayFashionPage.TestExploreInterests" time="0">
    <skipped/>
  </testcase>
  <testcase name="afterEachTestMethod" classname="EBayFashionPage.TestExploreInterests" time="0">
    <skipped/>
  </testcase>
  <testcase name="testViewMensGrooming" classname="EBayFashionPage.TestExploreInterests" time="0">
    <skipped message="&#10;Parameter &apos;url&apos; is required by BeforeMethod on method setUp but has not been marked @Optional or defined&#10;"/>
  </testcase>
  <testcase name="testViewMensStreetStyle" classname="EBayFashionPage.TestExploreInterests" time="0">
    <skipped message="&#10;Parameter &apos;url&apos; is required by BeforeMethod on method setUp but has not been marked @Optional or defined&#10;"/>
  </testcase>
  <testcase name="testViewWomensBasic" classname="EBayFashionPage.TestExploreInterests" time="0">
    <skipped message="&#10;Parameter &apos;url&apos; is required by BeforeMethod on method setUp but has not been marked @Optional or defined&#10;"/>
  </testcase>
  <testcase name="testViewWomensHeadToToeDenim" classname="EBayFashionPage.TestExploreInterests" time="0">
    <skipped message="&#10;Parameter &apos;url&apos; is required by BeforeMethod on method setUp but has not been marked @Optional or defined&#10;"/>
  </testcase>
  <testcase name="testViewWomensLuxeBags" classname="EBayFashionPage.TestExploreInterests" time="0">
    <skipped message="&#10;Parameter &apos;url&apos; is required by BeforeMethod on method setUp but has not been marked @Optional or defined&#10;"/>
  </testcase>
  <testcase name="testViewWomensTrends" classname="EBayFashionPage.TestExploreInterests" time="0">
    <skipped message="&#10;Parameter &apos;url&apos; is required by BeforeMethod on method setUp but has not been marked @Optional or defined&#10;"/>
  </testcase>
  <testcase name="setUp" classname="EBayFashionPage.TestSalesEvents" time="0.713">
    <failure message="&#10;Parameter &apos;url&apos; is required by BeforeMethod on method setUp but has not been marked @Optional or defined&#10;" type="org.testng.TestNGException">org.testng.TestNGException: 

Parameter 'url' is required by BeforeMethod on method setUp but has not been marked @Optional or defined

</failure>
  </testcase>
  <testcase name="setUp" classname="EBayFashionPage.TestSalesEvents" time="0">
    <skipped/>
  </testcase>
  <testcase name="setUp" classname="EBayFashionPage.TestSalesEvents" time="0">
    <skipped/>
  </testcase>
  <testcase name="startExtent" classname="EBayFashionPage.TestSalesEvents" time="0">
    <skipped/>
  </testcase>
  <testcase name="startExtent" classname="EBayFashionPage.TestSalesEvents" time="0">
    <skipped/>
  </testcase>
  <testcase name="startExtent" classname="EBayFashionPage.TestSalesEvents" time="0">
    <skipped/>
  </testcase>
  <testcase name="testViewFashionFIxSignUp" classname="EBayFashionPage.TestSalesEvents" time="0">
    <skipped message="&#10;Parameter &apos;url&apos; is required by BeforeMethod on method setUp but has not been marked @Optional or defined&#10;"/>
  </testcase>
  <testcase name="afterEachTestMethod" classname="EBayFashionPage.TestSalesEvents" time="0">
    <skipped/>
  </testcase>
  <testcase name="afterEachTestMethod" classname="EBayFashionPage.TestSalesEvents" time="0">
    <skipped/>
  </testcase>
  <testcase name="afterEachTestMethod" classname="EBayFashionPage.TestSalesEvents" time="0">
    <skipped/>
  </testcase>
  <testcase name="testViewWomensTrends" classname="EBayFashionPage.TestSalesEvents" time="0">
    <skipped message="&#10;Parameter &apos;url&apos; is required by BeforeMethod on method setUp but has not been marked @Optional or defined&#10;"/>
  </testcase>
  <testcase name="testsViewFashionDeals" classname="EBayFashionPage.TestSalesEvents" time="0">
    <skipped message="&#10;Parameter &apos;url&apos; is required by BeforeMethod on method setUp but has not been marked @Optional or defined&#10;"/>
  </testcase>
  <testcase name="setUp" classname="EBayFashionPage.TestSellOnEbay" time="0.716">
    <failure message="&#10;Parameter &apos;url&apos; is required by BeforeMethod on method setUp but has not been marked @Optional or defined&#10;" type="org.testng.TestNGException">org.testng.TestNGException: 

Parameter 'url' is required by BeforeMethod on method setUp but has not been marked @Optional or defined

</failure>
  </testcase>
  <testcase name="setUp" classname="EBayFashionPage.TestSellOnEbay" time="0">
    <skipped/>
  </testcase>
  <testcase name="startExtent" classname="EBayFashionPage.TestSellOnEbay" time="0">
    <skipped/>
  </testcase>
  <testcase name="startExtent" classname="EBayFashionPage.TestSellOnEbay" time="0">
    <skipped/>
  </testcase>
  <testcase name="testViewConsignItem" classname="EBayFashionPage.TestSellOnEbay" time="0">
    <skipped message="&#10;Parameter &apos;url&apos; is required by BeforeMethod on method setUp but has not been marked @Optional or defined&#10;"/>
  </testcase>
  <testcase name="afterEachTestMethod" classname="EBayFashionPage.TestSellOnEbay" time="0">
    <skipped/>
  </testcase>
  <testcase name="afterEachTestMethod" classname="EBayFashionPage.TestSellOnEbay" time="0">
    <skipped/>
  </testcase>
  <testcase name="testViewSellDirect" classname="EBayFashionPage.TestSellOnEbay" time="0">
    <skipped message="&#10;Parameter &apos;url&apos; is required by BeforeMethod on method setUp but has not been marked @Optional or defined&#10;"/>
  </testcase>
  <testcase name="setUp" classname="EBayFashionPage.TestTopBrands" time="0.719">
    <failure message="&#10;Parameter &apos;url&apos; is required by BeforeMethod on method setUp but has not been marked @Optional or defined&#10;" type="org.testng.TestNGException">org.testng.TestNGException: 

Parameter 'url' is required by BeforeMethod on method setUp but has not been marked @Optional or defined

</failure>
  </testcase>
  <testcase name="setUp" classname="EBayFashionPage.TestTopBrands" time="0">
    <skipped/>
  </testcase>
  <testcase name="setUp" classname="EBayFashionPage.TestTopBrands" time="0">
    <skipped/>
  </testcase>
  <testcase name="setUp" classname="EBayFashionPage.TestTopBrands" time="0">
    <skipped/>
  </testcase>
  <testcase name="setUp" classname="EBayFashionPage.TestTopBrands" time="0">
    <skipped/>
  </testcase>
  <testcase name="setUp" classname="EBayFashionPage.TestTopBrands" time="0">
    <skipped/>
  </testcase>
  <testcase name="setUp" classname="EBayFashionPage.TestTopBrands" time="0">
    <skipped/>
  </testcase>
  <testcase name="setUp" classname="EBayFashionPage.TestTopBrands" time="0">
    <skipped/>
  </testcase>
  <testcase name="setUp" classname="EBayFashionPage.TestTopBrands" time="0">
    <skipped/>
  </testcase>
  <testcase name="setUp" classname="EBayFashionPage.TestTopBrands" time="0">
    <skipped/>
  </testcase>
  <testcase name="setUp" classname="EBayFashionPage.TestTopBrands" time="0">
    <skipped/>
  </testcase>
  <testcase name="setUp" classname="EBayFashionPage.TestTopBrands" time="0">
    <skipped/>
  </testcase>
  <testcase name="setUp" classname="EBayFashionPage.TestTopBrands" time="0">
    <skipped/>
  </testcase>
  <testcase name="setUp" classname="EBayFashionPage.TestTopBrands" time="0">
    <skipped/>
  </testcase>
  <testcase name="setUp" classname="EBayFashionPage.TestTopBrands" time="0">
    <skipped/>
  </testcase>
  <testcase name="setUp" classname="EBayFashionPage.TestTopBrands" time="0">
    <skipped/>
  </testcase>
  <testcase name="setUp" classname="EBayFashionPage.TestTopBrands" time="0">
    <skipped/>
  </testcase>
  <testcase name="setUp" classname="EBayFashionPage.TestTopBrands" time="0">
    <skipped/>
  </testcase>
  <testcase name="setUp" classname="EBayFashionPage.TestTopBrands" time="0">
    <skipped/>
  </testcase>
  <testcase name="setUp" classname="EBayFashionPage.TestTopBrands" time="0">
    <skipped/>
  </testcase>
  <testcase name="setUp" classname="EBayFashionPage.TestTopBrands" time="0">
    <skipped/>
  </testcase>
  <testcase name="setUp" classname="EBayFashionPage.TestTopBrands" time="0">
    <skipped/>
  </testcase>
  <testcase name="setUp" classname="EBayFashionPage.TestTopBrands" time="0">
    <skipped/>
  </testcase>
  <testcase name="setUp" classname="EBayFashionPage.TestTopBrands" time="0">
    <skipped/>
  </testcase>
  <testcase name="setUp" classname="EBayFashionPage.TestTopBrands" time="0">
    <skipped/>
  </testcase>
  <testcase name="setUp" classname="EBayFashionPage.TestTopBrands" time="0">
    <skipped/>
  </testcase>
  <testcase name="startExtent" classname="EBayFashionPage.TestTopBrands" time="0">
    <skipped/>
  </testcase>
  <testcase name="startExtent" classname="EBayFashionPage.TestTopBrands" time="0">
    <skipped/>
  </testcase>
  <testcase name="startExtent" classname="EBayFashionPage.TestTopBrands" time="0">
    <skipped/>
  </testcase>
  <testcase name="startExtent" classname="EBayFashionPage.TestTopBrands" time="0">
    <skipped/>
  </testcase>
  <testcase name="startExtent" classname="EBayFashionPage.TestTopBrands" time="0">
    <skipped/>
  </testcase>
  <testcase name="startExtent" classname="EBayFashionPage.TestTopBrands" time="0">
    <skipped/>
  </testcase>
  <testcase name="startExtent" classname="EBayFashionPage.TestTopBrands" time="0">
    <skipped/>
  </testcase>
  <testcase name="startExtent" classname="EBayFashionPage.TestTopBrands" time="0">
    <skipped/>
  </testcase>
  <testcase name="startExtent" classname="EBayFashionPage.TestTopBrands" time="0">
    <skipped/>
  </testcase>
  <testcase name="startExtent" classname="EBayFashionPage.TestTopBrands" time="0">
    <skipped/>
  </testcase>
  <testcase name="startExtent" classname="EBayFashionPage.TestTopBrands" time="0">
    <skipped/>
  </testcase>
  <testcase name="startExtent" classname="EBayFashionPage.TestTopBrands" time="0">
    <skipped/>
  </testcase>
  <testcase name="startExtent" classname="EBayFashionPage.TestTopBrands" time="0">
    <skipped/>
  </testcase>
  <testcase name="startExtent" classname="EBayFashionPage.TestTopBrands" time="0">
    <skipped/>
  </testcase>
  <testcase name="startExtent" classname="EBayFashionPage.TestTopBrands" time="0">
    <skipped/>
  </testcase>
  <testcase name="startExtent" classname="EBayFashionPage.TestTopBrands" time="0">
    <skipped/>
  </testcase>
  <testcase name="startExtent" classname="EBayFashionPage.TestTopBrands" time="0">
    <skipped/>
  </testcase>
  <testcase name="startExtent" classname="EBayFashionPage.TestTopBrands" time="0">
    <skipped/>
  </testcase>
  <testcase name="startExtent" classname="EBayFashionPage.TestTopBrands" time="0">
    <skipped/>
  </testcase>
  <testcase name="startExtent" classname="EBayFashionPage.TestTopBrands" time="0">
    <skipped/>
  </testcase>
  <testcase name="startExtent" classname="EBayFashionPage.TestTopBrands" time="0">
    <skipped/>
  </testcase>
  <testcase name="startExtent" classname="EBayFashionPage.TestTopBrands" time="0">
    <skipped/>
  </testcase>
  <testcase name="startExtent" classname="EBayFashionPage.TestTopBrands" time="0">
    <skipped/>
  </testcase>
  <testcase name="startExtent" classname="EBayFashionPage.TestTopBrands" time="0">
    <skipped/>
  </testcase>
  <testcase name="startExtent" classname="EBayFashionPage.TestTopBrands" time="0">
    <skipped/>
  </testcase>
  <testcase name="startExtent" classname="EBayFashionPage.TestTopBrands" time="0">
    <skipped/>
  </testcase>
  <testcase name="testViewAdidas" classname="EBayFashionPage.TestTopBrands" time="0">
    <skipped message="&#10;Parameter &apos;url&apos; is required by BeforeMethod on method setUp but has not been marked @Optional or defined&#10;"/>
  </testcase>
  <testcase name="afterEachTestMethod" classname="EBayFashionPage.TestTopBrands" time="0">
    <skipped/>
  </testcase>
  <testcase name="afterEachTestMethod" classname="EBayFashionPage.TestTopBrands" time="0">
    <skipped/>
  </testcase>
  <testcase name="afterEachTestMethod" classname="EBayFashionPage.TestTopBrands" time="0">
    <skipped/>
  </testcase>
  <testcase name="afterEachTestMethod" classname="EBayFashionPage.TestTopBrands" time="0">
    <skipped/>
  </testcase>
  <testcase name="afterEachTestMethod" classname="EBayFashionPage.TestTopBrands" time="0">
    <skipped/>
  </testcase>
  <testcase name="afterEachTestMethod" classname="EBayFashionPage.TestTopBrands" time="0">
    <skipped/>
  </testcase>
  <testcase name="afterEachTestMethod" classname="EBayFashionPage.TestTopBrands" time="0">
    <skipped/>
  </testcase>
  <testcase name="afterEachTestMethod" classname="EBayFashionPage.TestTopBrands" time="0">
    <skipped/>
  </testcase>
  <testcase name="afterEachTestMethod" classname="EBayFashionPage.TestTopBrands" time="0">
    <skipped/>
  </testcase>
  <testcase name="afterEachTestMethod" classname="EBayFashionPage.TestTopBrands" time="0">
    <skipped/>
  </testcase>
  <testcase name="afterEachTestMethod" classname="EBayFashionPage.TestTopBrands" time="0">
    <skipped/>
  </testcase>
  <testcase name="afterEachTestMethod" classname="EBayFashionPage.TestTopBrands" time="0">
    <skipped/>
  </testcase>
  <testcase name="afterEachTestMethod" classname="EBayFashionPage.TestTopBrands" time="0">
    <skipped/>
  </testcase>
  <testcase name="afterEachTestMethod" classname="EBayFashionPage.TestTopBrands" time="0">
    <skipped/>
  </testcase>
  <testcase name="afterEachTestMethod" classname="EBayFashionPage.TestTopBrands" time="0">
    <skipped/>
  </testcase>
  <testcase name="afterEachTestMethod" classname="EBayFashionPage.TestTopBrands" time="0">
    <skipped/>
  </testcase>
  <testcase name="afterEachTestMethod" classname="EBayFashionPage.TestTopBrands" time="0">
    <skipped/>
  </testcase>
  <testcase name="afterEachTestMethod" classname="EBayFashionPage.TestTopBrands" time="0">
    <skipped/>
  </testcase>
  <testcase name="afterEachTestMethod" classname="EBayFashionPage.TestTopBrands" time="0">
    <skipped/>
  </testcase>
  <testcase name="afterEachTestMethod" classname="EBayFashionPage.TestTopBrands" time="0">
    <skipped/>
  </testcase>
  <testcase name="afterEachTestMethod" classname="EBayFashionPage.TestTopBrands" time="0">
    <skipped/>
  </testcase>
  <testcase name="afterEachTestMethod" classname="EBayFashionPage.TestTopBrands" time="0">
    <skipped/>
  </testcase>
  <testcase name="afterEachTestMethod" classname="EBayFashionPage.TestTopBrands" time="0">
    <skipped/>
  </testcase>
  <testcase name="afterEachTestMethod" classname="EBayFashionPage.TestTopBrands" time="0">
    <skipped/>
  </testcase>
  <testcase name="afterEachTestMethod" classname="EBayFashionPage.TestTopBrands" time="0">
    <skipped/>
  </testcase>
  <testcase name="afterEachTestMethod" classname="EBayFashionPage.TestTopBrands" time="0">
    <skipped/>
  </testcase>
  <testcase name="testViewAirJordan" classname="EBayFashionPage.TestTopBrands" time="0">
    <skipped message="&#10;Parameter &apos;url&apos; is required by BeforeMethod on method setUp but has not been marked @Optional or defined&#10;"/>
  </testcase>
  <testcase name="testViewAnthropologie" classname="EBayFashionPage.TestTopBrands" time="0">
    <skipped message="&#10;Parameter &apos;url&apos; is required by BeforeMethod on method setUp but has not been marked @Optional or defined&#10;"/>
  </testcase>
  <testcase name="testViewCalvinKlein" classname="EBayFashionPage.TestTopBrands" time="0">
    <skipped message="&#10;Parameter &apos;url&apos; is required by BeforeMethod on method setUp but has not been marked @Optional or defined&#10;"/>
  </testcase>
  <testcase name="testViewChanel" classname="EBayFashionPage.TestTopBrands" time="0">
    <skipped message="&#10;Parameter &apos;url&apos; is required by BeforeMethod on method setUp but has not been marked @Optional or defined&#10;"/>
  </testcase>
  <testcase name="testViewCoach" classname="EBayFashionPage.TestTopBrands" time="0">
    <skipped message="&#10;Parameter &apos;url&apos; is required by BeforeMethod on method setUp but has not been marked @Optional or defined&#10;"/>
  </testcase>
  <testcase name="testViewDavidYurman" classname="EBayFashionPage.TestTopBrands" time="0">
    <skipped message="&#10;Parameter &apos;url&apos; is required by BeforeMethod on method setUp but has not been marked @Optional or defined&#10;"/>
  </testcase>
  <testcase name="testViewFreePeople" classname="EBayFashionPage.TestTopBrands" time="0">
    <skipped message="&#10;Parameter &apos;url&apos; is required by BeforeMethod on method setUp but has not been marked @Optional or defined&#10;"/>
  </testcase>
  <testcase name="testViewGucci" classname="EBayFashionPage.TestTopBrands" time="0">
    <skipped message="&#10;Parameter &apos;url&apos; is required by BeforeMethod on method setUp but has not been marked @Optional or defined&#10;"/>
  </testcase>
  <testcase name="testViewInvicta" classname="EBayFashionPage.TestTopBrands" time="0">
    <skipped message="&#10;Parameter &apos;url&apos; is required by BeforeMethod on method setUp but has not been marked @Optional or defined&#10;"/>
  </testcase>
  <testcase name="testViewJCrew" classname="EBayFashionPage.TestTopBrands" time="0">
    <skipped message="&#10;Parameter &apos;url&apos; is required by BeforeMethod on method setUp but has not been marked @Optional or defined&#10;"/>
  </testcase>
  <testcase name="testViewLevis" classname="EBayFashionPage.TestTopBrands" time="0">
    <skipped message="&#10;Parameter &apos;url&apos; is required by BeforeMethod on method setUp but has not been marked @Optional or defined&#10;"/>
  </testcase>
  <testcase name="testViewLouisVuitton" classname="EBayFashionPage.TestTopBrands" time="0">
    <skipped message="&#10;Parameter &apos;url&apos; is required by BeforeMethod on method setUp but has not been marked @Optional or defined&#10;"/>
  </testcase>
  <testcase name="testViewLuluMelon" classname="EBayFashionPage.TestTopBrands" time="0">
    <skipped message="&#10;Parameter &apos;url&apos; is required by BeforeMethod on method setUp but has not been marked @Optional or defined&#10;"/>
  </testcase>
  <testcase name="testViewMadeWell" classname="EBayFashionPage.TestTopBrands" time="0">
    <skipped message="&#10;Parameter &apos;url&apos; is required by BeforeMethod on method setUp but has not been marked @Optional or defined&#10;"/>
  </testcase>
  <testcase name="testViewMichaelKors" classname="EBayFashionPage.TestTopBrands" time="0">
    <skipped message="&#10;Parameter &apos;url&apos; is required by BeforeMethod on method setUp but has not been marked @Optional or defined&#10;"/>
  </testcase>
  <testcase name="testViewNike" classname="EBayFashionPage.TestTopBrands" time="0">
    <skipped message="&#10;Parameter &apos;url&apos; is required by BeforeMethod on method setUp but has not been marked @Optional or defined&#10;"/>
  </testcase>
  <testcase name="testViewOmega" classname="EBayFashionPage.TestTopBrands" time="0">
    <skipped message="&#10;Parameter &apos;url&apos; is required by BeforeMethod on method setUp but has not been marked @Optional or defined&#10;"/>
  </testcase>
  <testcase name="testViewRalphLauren" classname="EBayFashionPage.TestTopBrands" time="0">
    <skipped message="&#10;Parameter &apos;url&apos; is required by BeforeMethod on method setUp but has not been marked @Optional or defined&#10;"/>
  </testcase>
  <testcase name="testViewRayBan" classname="EBayFashionPage.TestTopBrands" time="0">
    <skipped message="&#10;Parameter &apos;url&apos; is required by BeforeMethod on method setUp but has not been marked @Optional or defined&#10;"/>
  </testcase>
  <testcase name="testViewRolex" classname="EBayFashionPage.TestTopBrands" time="0">
    <skipped message="&#10;Parameter &apos;url&apos; is required by BeforeMethod on method setUp but has not been marked @Optional or defined&#10;"/>
  </testcase>
  <testcase name="testViewSupreme" classname="EBayFashionPage.TestTopBrands" time="0">
    <skipped message="&#10;Parameter &apos;url&apos; is required by BeforeMethod on method setUp but has not been marked @Optional or defined&#10;"/>
  </testcase>
  <testcase name="testViewToryBurch" classname="EBayFashionPage.TestTopBrands" time="0">
    <skipped message="&#10;Parameter &apos;url&apos; is required by BeforeMethod on method setUp but has not been marked @Optional or defined&#10;"/>
  </testcase>
  <testcase name="testViewUnderArmour" classname="EBayFashionPage.TestTopBrands" time="0">
    <skipped message="&#10;Parameter &apos;url&apos; is required by BeforeMethod on method setUp but has not been marked @Optional or defined&#10;"/>
  </testcase>
  <testcase name="testViewVictoriaSecret" classname="EBayFashionPage.TestTopBrands" time="0">
    <skipped message="&#10;Parameter &apos;url&apos; is required by BeforeMethod on method setUp but has not been marked @Optional or defined&#10;"/>
  </testcase>
  <testcase name="testViewZara" classname="EBayFashionPage.TestTopBrands" time="0">
    <skipped message="&#10;Parameter &apos;url&apos; is required by BeforeMethod on method setUp but has not been marked @Optional or defined&#10;"/>
  </testcase>
  <testcase name="setUp" classname="EBayMotorsPage.TestEBayMotors" time="0.739">
    <failure message="&#10;Parameter &apos;url&apos; is required by BeforeMethod on method setUp but has not been marked @Optional or defined&#10;" type="org.testng.TestNGException">org.testng.TestNGException: 

Parameter 'url' is required by BeforeMethod on method setUp but has not been marked @Optional or defined

</failure>
  </testcase>
  <testcase name="setUp" classname="EBayMotorsPage.TestEBayMotors" time="0">
    <skipped/>
  </testcase>
  <testcase name="setUp" classname="EBayMotorsPage.TestEBayMotors" time="0">
    <skipped/>
  </testcase>
  <testcase name="setUp" classname="EBayMotorsPage.TestEBayMotors" time="0">
    <skipped/>
  </testcase>
  <testcase name="setUp" classname="EBayMotorsPage.TestEBayMotors" time="0">
    <skipped/>
  </testcase>
  <testcase name="setUp" classname="EBayMotorsPage.TestEBayMotors" time="0">
    <skipped/>
  </testcase>
  <testcase name="setUp" classname="EBayMotorsPage.TestEBayMotors" time="0">
    <skipped/>
  </testcase>
  <testcase name="setUp" classname="EBayMotorsPage.TestEBayMotors" time="0">
    <skipped/>
  </testcase>
  <testcase name="setUp" classname="EBayMotorsPage.TestEBayMotors" time="0">
    <skipped/>
  </testcase>
  <testcase name="setUp" classname="EBayMotorsPage.TestEBayMotors" time="0">
    <skipped/>
  </testcase>
  <testcase name="setUp" classname="EBayMotorsPage.TestEBayMotors" time="0">
    <skipped/>
  </testcase>
  <testcase name="setUp" classname="EBayMotorsPage.TestEBayMotors" time="0">
    <skipped/>
  </testcase>
  <testcase name="setUp" classname="EBayMotorsPage.TestEBayMotors" time="0">
    <skipped/>
  </testcase>
  <testcase name="setUp" classname="EBayMotorsPage.TestEBayMotors" time="0">
    <skipped/>
  </testcase>
  <testcase name="setUp" classname="EBayMotorsPage.TestEBayMotors" time="0">
    <skipped/>
  </testcase>
  <testcase name="setUp" classname="EBayMotorsPage.TestEBayMotors" time="0">
    <skipped/>
  </testcase>
  <testcase name="setUp" classname="EBayMotorsPage.TestEBayMotors" time="0">
    <skipped/>
  </testcase>
  <testcase name="setUp" classname="EBayMotorsPage.TestEBayMotors" time="0">
    <skipped/>
  </testcase>
  <testcase name="setUp" classname="EBayMotorsPage.TestEBayMotors" time="0">
    <skipped/>
  </testcase>
  <testcase name="setUp" classname="EBayMotorsPage.TestEBayMotors" time="0">
    <skipped/>
  </testcase>
  <testcase name="setUp" classname="EBayMotorsPage.TestEBayMotors" time="0">
    <skipped/>
  </testcase>
  <testcase name="setUp" classname="EBayMotorsPage.TestEBayMotors" time="0">
    <skipped/>
  </testcase>
  <testcase name="setUp" classname="EBayMotorsPage.TestEBayMotors" time="0">
    <skipped/>
  </testcase>
  <testcase name="setUp" classname="EBayMotorsPage.TestEBayMotors" time="0">
    <skipped/>
  </testcase>
  <testcase name="setUp" classname="EBayMotorsPage.TestEBayMotors" time="0">
    <skipped/>
  </testcase>
  <testcase name="setUp" classname="EBayMotorsPage.TestEBayMotors" time="0">
    <skipped/>
  </testcase>
  <testcase name="setUp" classname="EBayMotorsPage.TestEBayMotors" time="0">
    <skipped/>
  </testcase>
  <testcase name="setUp" classname="EBayMotorsPage.TestEBayMotors" time="0">
    <skipped/>
  </testcase>
  <testcase name="setUp" classname="EBayMotorsPage.TestEBayMotors" time="0">
    <skipped/>
  </testcase>
  <testcase name="setUp" classname="EBayMotorsPage.TestEBayMotors" time="0">
    <skipped/>
  </testcase>
  <testcase name="startExtent" classname="EBayMotorsPage.TestEBayMotors" time="0">
    <skipped/>
  </testcase>
  <testcase name="startExtent" classname="EBayMotorsPage.TestEBayMotors" time="0">
    <skipped/>
  </testcase>
  <testcase name="startExtent" classname="EBayMotorsPage.TestEBayMotors" time="0">
    <skipped/>
  </testcase>
  <testcase name="startExtent" classname="EBayMotorsPage.TestEBayMotors" time="0">
    <skipped/>
  </testcase>
  <testcase name="startExtent" classname="EBayMotorsPage.TestEBayMotors" time="0">
    <skipped/>
  </testcase>
  <testcase name="startExtent" classname="EBayMotorsPage.TestEBayMotors" time="0">
    <skipped/>
  </testcase>
  <testcase name="startExtent" classname="EBayMotorsPage.TestEBayMotors" time="0">
    <skipped/>
  </testcase>
  <testcase name="startExtent" classname="EBayMotorsPage.TestEBayMotors" time="0">
    <skipped/>
  </testcase>
  <testcase name="startExtent" classname="EBayMotorsPage.TestEBayMotors" time="0">
    <skipped/>
  </testcase>
  <testcase name="startExtent" classname="EBayMotorsPage.TestEBayMotors" time="0">
    <skipped/>
  </testcase>
  <testcase name="startExtent" classname="EBayMotorsPage.TestEBayMotors" time="0">
    <skipped/>
  </testcase>
  <testcase name="startExtent" classname="EBayMotorsPage.TestEBayMotors" time="0">
    <skipped/>
  </testcase>
  <testcase name="startExtent" classname="EBayMotorsPage.TestEBayMotors" time="0">
    <skipped/>
  </testcase>
  <testcase name="startExtent" classname="EBayMotorsPage.TestEBayMotors" time="0">
    <skipped/>
  </testcase>
  <testcase name="startExtent" classname="EBayMotorsPage.TestEBayMotors" time="0">
    <skipped/>
  </testcase>
  <testcase name="startExtent" classname="EBayMotorsPage.TestEBayMotors" time="0">
    <skipped/>
  </testcase>
  <testcase name="startExtent" classname="EBayMotorsPage.TestEBayMotors" time="0">
    <skipped/>
  </testcase>
  <testcase name="startExtent" classname="EBayMotorsPage.TestEBayMotors" time="0">
    <skipped/>
  </testcase>
  <testcase name="startExtent" classname="EBayMotorsPage.TestEBayMotors" time="0">
    <skipped/>
  </testcase>
  <testcase name="startExtent" classname="EBayMotorsPage.TestEBayMotors" time="0">
    <skipped/>
  </testcase>
  <testcase name="startExtent" classname="EBayMotorsPage.TestEBayMotors" time="0">
    <skipped/>
  </testcase>
  <testcase name="startExtent" classname="EBayMotorsPage.TestEBayMotors" time="0">
    <skipped/>
  </testcase>
  <testcase name="startExtent" classname="EBayMotorsPage.TestEBayMotors" time="0">
    <skipped/>
  </testcase>
  <testcase name="startExtent" classname="EBayMotorsPage.TestEBayMotors" time="0">
    <skipped/>
  </testcase>
  <testcase name="startExtent" classname="EBayMotorsPage.TestEBayMotors" time="0">
    <skipped/>
  </testcase>
  <testcase name="startExtent" classname="EBayMotorsPage.TestEBayMotors" time="0">
    <skipped/>
  </testcase>
  <testcase name="startExtent" classname="EBayMotorsPage.TestEBayMotors" time="0">
    <skipped/>
  </testcase>
  <testcase name="startExtent" classname="EBayMotorsPage.TestEBayMotors" time="0">
    <skipped/>
  </testcase>
  <testcase name="startExtent" classname="EBayMotorsPage.TestEBayMotors" time="0">
    <skipped/>
  </testcase>
  <testcase name="startExtent" classname="EBayMotorsPage.TestEBayMotors" time="0">
    <skipped/>
  </testcase>
  <testcase name="ViewElectricHybrid" classname="EBayMotorsPage.TestEBayMotors" time="0">
    <skipped message="&#10;Parameter &apos;url&apos; is required by BeforeMethod on method setUp but has not been marked @Optional or defined&#10;"/>
  </testcase>
  <testcase name="afterEachTestMethod" classname="EBayMotorsPage.TestEBayMotors" time="0">
    <skipped/>
  </testcase>
  <testcase name="afterEachTestMethod" classname="EBayMotorsPage.TestEBayMotors" time="0">
    <skipped/>
  </testcase>
  <testcase name="afterEachTestMethod" classname="EBayMotorsPage.TestEBayMotors" time="0">
    <skipped/>
  </testcase>
  <testcase name="afterEachTestMethod" classname="EBayMotorsPage.TestEBayMotors" time="0">
    <skipped/>
  </testcase>
  <testcase name="afterEachTestMethod" classname="EBayMotorsPage.TestEBayMotors" time="0">
    <skipped/>
  </testcase>
  <testcase name="afterEachTestMethod" classname="EBayMotorsPage.TestEBayMotors" time="0">
    <skipped/>
  </testcase>
  <testcase name="afterEachTestMethod" classname="EBayMotorsPage.TestEBayMotors" time="0">
    <skipped/>
  </testcase>
  <testcase name="afterEachTestMethod" classname="EBayMotorsPage.TestEBayMotors" time="0">
    <skipped/>
  </testcase>
  <testcase name="afterEachTestMethod" classname="EBayMotorsPage.TestEBayMotors" time="0">
    <skipped/>
  </testcase>
  <testcase name="afterEachTestMethod" classname="EBayMotorsPage.TestEBayMotors" time="0">
    <skipped/>
  </testcase>
  <testcase name="afterEachTestMethod" classname="EBayMotorsPage.TestEBayMotors" time="0">
    <skipped/>
  </testcase>
  <testcase name="afterEachTestMethod" classname="EBayMotorsPage.TestEBayMotors" time="0">
    <skipped/>
  </testcase>
  <testcase name="afterEachTestMethod" classname="EBayMotorsPage.TestEBayMotors" time="0">
    <skipped/>
  </testcase>
  <testcase name="afterEachTestMethod" classname="EBayMotorsPage.TestEBayMotors" time="0">
    <skipped/>
  </testcase>
  <testcase name="afterEachTestMethod" classname="EBayMotorsPage.TestEBayMotors" time="0">
    <skipped/>
  </testcase>
  <testcase name="afterEachTestMethod" classname="EBayMotorsPage.TestEBayMotors" time="0">
    <skipped/>
  </testcase>
  <testcase name="afterEachTestMethod" classname="EBayMotorsPage.TestEBayMotors" time="0">
    <skipped/>
  </testcase>
  <testcase name="afterEachTestMethod" classname="EBayMotorsPage.TestEBayMotors" time="0">
    <skipped/>
  </testcase>
  <testcase name="afterEachTestMethod" classname="EBayMotorsPage.TestEBayMotors" time="0">
    <skipped/>
  </testcase>
  <testcase name="afterEachTestMethod" classname="EBayMotorsPage.TestEBayMotors" time="0">
    <skipped/>
  </testcase>
  <testcase name="afterEachTestMethod" classname="EBayMotorsPage.TestEBayMotors" time="0">
    <skipped/>
  </testcase>
  <testcase name="afterEachTestMethod" classname="EBayMotorsPage.TestEBayMotors" time="0">
    <skipped/>
  </testcase>
  <testcase name="afterEachTestMethod" classname="EBayMotorsPage.TestEBayMotors" time="0">
    <skipped/>
  </testcase>
  <testcase name="afterEachTestMethod" classname="EBayMotorsPage.TestEBayMotors" time="0">
    <skipped/>
  </testcase>
  <testcase name="afterEachTestMethod" classname="EBayMotorsPage.TestEBayMotors" time="0">
    <skipped/>
  </testcase>
  <testcase name="afterEachTestMethod" classname="EBayMotorsPage.TestEBayMotors" time="0">
    <skipped/>
  </testcase>
  <testcase name="afterEachTestMethod" classname="EBayMotorsPage.TestEBayMotors" time="0">
    <skipped/>
  </testcase>
  <testcase name="afterEachTestMethod" classname="EBayMotorsPage.TestEBayMotors" time="0">
    <skipped/>
  </testcase>
  <testcase name="afterEachTestMethod" classname="EBayMotorsPage.TestEBayMotors" time="0">
    <skipped/>
  </testcase>
  <testcase name="afterEachTestMethod" classname="EBayMotorsPage.TestEBayMotors" time="0">
    <skipped/>
  </testcase>
  <testcase name="testViewAllParts" classname="EBayMotorsPage.TestEBayMotors" time="0">
    <skipped message="&#10;Parameter &apos;url&apos; is required by BeforeMethod on method setUp but has not been marked @Optional or defined&#10;"/>
  </testcase>
  <testcase name="testViewAtvUtvParts" classname="EBayMotorsPage.TestEBayMotors" time="0">
    <skipped message="&#10;Parameter &apos;url&apos; is required by BeforeMethod on method setUp but has not been marked @Optional or defined&#10;"/>
  </testcase>
  <testcase name="testViewAutoMativeToolSupply" classname="EBayMotorsPage.TestEBayMotors" time="0">
    <skipped message="&#10;Parameter &apos;url&apos; is required by BeforeMethod on method setUp but has not been marked @Optional or defined&#10;"/>
  </testcase>
  <testcase name="testViewBlog" classname="EBayMotorsPage.TestEBayMotors" time="0">
    <skipped message="&#10;Parameter &apos;url&apos; is required by BeforeMethod on method setUp but has not been marked @Optional or defined&#10;"/>
  </testcase>
  <testcase name="testViewBoat" classname="EBayMotorsPage.TestEBayMotors" time="0">
    <skipped message="&#10;Parameter &apos;url&apos; is required by BeforeMethod on method setUp but has not been marked @Optional or defined&#10;"/>
  </testcase>
  <testcase name="testViewCarCare" classname="EBayMotorsPage.TestEBayMotors" time="0">
    <skipped message="&#10;Parameter &apos;url&apos; is required by BeforeMethod on method setUp but has not been marked @Optional or defined&#10;"/>
  </testcase>
  <testcase name="testViewCarTruck" classname="EBayMotorsPage.TestEBayMotors" time="0">
    <skipped message="&#10;Parameter &apos;url&apos; is required by BeforeMethod on method setUp but has not been marked @Optional or defined&#10;"/>
  </testcase>
  <testcase name="testViewCarTruckParts" classname="EBayMotorsPage.TestEBayMotors" time="0">
    <skipped message="&#10;Parameter &apos;url&apos; is required by BeforeMethod on method setUp but has not been marked @Optional or defined&#10;"/>
  </testcase>
  <testcase name="testViewClassic" classname="EBayMotorsPage.TestEBayMotors" time="0">
    <skipped message="&#10;Parameter &apos;url&apos; is required by BeforeMethod on method setUp but has not been marked @Optional or defined&#10;"/>
  </testcase>
  <testcase name="testViewCollectorCar" classname="EBayMotorsPage.TestEBayMotors" time="0">
    <skipped message="&#10;Parameter &apos;url&apos; is required by BeforeMethod on method setUp but has not been marked @Optional or defined&#10;"/>
  </testcase>
  <testcase name="testViewCommercialTruckParts" classname="EBayMotorsPage.TestEBayMotors" time="0">
    <skipped message="&#10;Parameter &apos;url&apos; is required by BeforeMethod on method setUp but has not been marked @Optional or defined&#10;"/>
  </testcase>
  <testcase name="testViewDigitalManual" classname="EBayMotorsPage.TestEBayMotors" time="0">
    <skipped message="&#10;Parameter &apos;url&apos; is required by BeforeMethod on method setUp but has not been marked @Optional or defined&#10;"/>
  </testcase>
  <testcase name="testViewExotic" classname="EBayMotorsPage.TestEBayMotors" time="0">
    <skipped message="&#10;Parameter &apos;url&apos; is required by BeforeMethod on method setUp but has not been marked @Optional or defined&#10;"/>
  </testcase>
  <testcase name="testViewFindParts" classname="EBayMotorsPage.TestEBayMotors" time="0">
    <skipped message="&#10;Parameter &apos;url&apos; is required by BeforeMethod on method setUp but has not been marked @Optional or defined&#10;"/>
  </testcase>
  <testcase name="testViewMotorCycle" classname="EBayMotorsPage.TestEBayMotors" time="0">
    <skipped message="&#10;Parameter &apos;url&apos; is required by BeforeMethod on method setUp but has not been marked @Optional or defined&#10;"/>
  </testcase>
  <testcase name="testViewMotorCycleParts" classname="EBayMotorsPage.TestEBayMotors" time="0">
    <skipped message="&#10;Parameter &apos;url&apos; is required by BeforeMethod on method setUp but has not been marked @Optional or defined&#10;"/>
  </testcase>
  <testcase name="testViewMotorsDailyDeals" classname="EBayMotorsPage.TestEBayMotors" time="0">
    <skipped message="&#10;Parameter &apos;url&apos; is required by BeforeMethod on method setUp but has not been marked @Optional or defined&#10;"/>
  </testcase>
  <testcase name="testViewMotorsSalesEvents" classname="EBayMotorsPage.TestEBayMotors" time="0">
    <skipped message="&#10;Parameter &apos;url&apos; is required by BeforeMethod on method setUp but has not been marked @Optional or defined&#10;"/>
  </testcase>
  <testcase name="testViewOther" classname="EBayMotorsPage.TestEBayMotors" time="0">
    <skipped message="&#10;Parameter &apos;url&apos; is required by BeforeMethod on method setUp but has not been marked @Optional or defined&#10;"/>
  </testcase>
  <testcase name="testViewPartsHub" classname="EBayMotorsPage.TestEBayMotors" time="0">
    <skipped message="&#10;Parameter &apos;url&apos; is required by BeforeMethod on method setUp but has not been marked @Optional or defined&#10;"/>
  </testcase>
  <testcase name="testViewPowerSport" classname="EBayMotorsPage.TestEBayMotors" time="0">
    <skipped message="&#10;Parameter &apos;url&apos; is required by BeforeMethod on method setUp but has not been marked @Optional or defined&#10;"/>
  </testcase>
  <testcase name="testViewSellParts" classname="EBayMotorsPage.TestEBayMotors" time="0">
    <skipped message="&#10;Parameter &apos;url&apos; is required by BeforeMethod on method setUp but has not been marked @Optional or defined&#10;"/>
  </testcase>
  <testcase name="testViewSellVehicle" classname="EBayMotorsPage.TestEBayMotors" time="0">
    <skipped message="&#10;Parameter &apos;url&apos; is required by BeforeMethod on method setUp but has not been marked @Optional or defined&#10;"/>
  </testcase>
  <testcase name="testViewSendSuggestion" classname="EBayMotorsPage.TestEBayMotors" time="0">
    <skipped message="&#10;Parameter &apos;url&apos; is required by BeforeMethod on method setUp but has not been marked @Optional or defined&#10;"/>
  </testcase>
  <testcase name="testViewShipTires" classname="EBayMotorsPage.TestEBayMotors" time="0">
    <skipped message="&#10;Parameter &apos;url&apos; is required by BeforeMethod on method setUp but has not been marked @Optional or defined&#10;"/>
  </testcase>
  <testcase name="testViewTellWhatYouThink" classname="EBayMotorsPage.TestEBayMotors" time="0">
    <skipped message="&#10;Parameter &apos;url&apos; is required by BeforeMethod on method setUp but has not been marked @Optional or defined&#10;"/>
  </testcase>
  <testcase name="testViewVehiclesSalesHub" classname="EBayMotorsPage.TestEBayMotors" time="0">
    <skipped message="&#10;Parameter &apos;url&apos; is required by BeforeMethod on method setUp but has not been marked @Optional or defined&#10;"/>
  </testcase>
  <testcase name="testViewVirtualTech" classname="EBayMotorsPage.TestEBayMotors" time="0">
    <skipped message="&#10;Parameter &apos;url&apos; is required by BeforeMethod on method setUp but has not been marked @Optional or defined&#10;"/>
  </testcase>
  <testcase name="testViewWheelParts" classname="EBayMotorsPage.TestEBayMotors" time="0">
    <skipped message="&#10;Parameter &apos;url&apos; is required by BeforeMethod on method setUp but has not been marked @Optional or defined&#10;"/>
  </testcase>
  <testcase name="setUp" classname="HomePage.TestPageElement" time="0.762">
    <failure message="&#10;Parameter &apos;url&apos; is required by BeforeMethod on method setUp but has not been marked @Optional or defined&#10;" type="org.testng.TestNGException">org.testng.TestNGException: 

Parameter 'url' is required by BeforeMethod on method setUp but has not been marked @Optional or defined

</failure>
  </testcase>
  <testcase name="setUp" classname="HomePage.TestPageElement" time="0">
    <skipped/>
  </testcase>
  <testcase name="setUp" classname="HomePage.TestPageElement" time="0">
    <skipped/>
  </testcase>
  <testcase name="setUp" classname="HomePage.TestPageElement" time="0">
    <skipped/>
  </testcase>
  <testcase name="setUp" classname="HomePage.TestPageElement" time="0">
    <skipped/>
  </testcase>
  <testcase name="setUp" classname="HomePage.TestPageElement" time="0">
    <skipped/>
  </testcase>
  <testcase name="setUp" classname="HomePage.TestPageElement" time="0">
    <skipped/>
  </testcase>
  <testcase name="setUp" classname="HomePage.TestPageElement" time="0">
    <skipped/>
  </testcase>
  <testcase name="setUp" classname="HomePage.TestPageElement" time="0">
    <skipped/>
  </testcase>
  <testcase name="setUp" classname="HomePage.TestPageElement" time="0">
    <skipped/>
  </testcase>
  <testcase name="setUp" classname="HomePage.TestPageElement" time="0">
    <skipped/>
  </testcase>
  <testcase name="setUp" classname="HomePage.TestPageElement" time="0">
    <skipped/>
  </testcase>
  <testcase name="setUp" classname="HomePage.TestPageElement" time="0">
    <skipped/>
  </testcase>
  <testcase name="setUp" classname="HomePage.TestPageElement" time="0">
    <skipped/>
  </testcase>
  <testcase name="setUp" classname="HomePage.TestPageElement" time="0">
    <skipped/>
  </testcase>
  <testcase name="setUp" classname="HomePage.TestPageElement" time="0">
    <skipped/>
  </testcase>
  <testcase name="setUp" classname="HomePage.TestPageElement" time="0">
    <skipped/>
  </testcase>
  <testcase name="setUp" classname="HomePage.TestPageElement" time="0">
    <skipped/>
  </testcase>
  <testcase name="setUp" classname="HomePage.TestPageElement" time="0">
    <skipped/>
  </testcase>
  <testcase name="setUp" classname="HomePage.TestPageElement" time="0">
    <skipped/>
  </testcase>
  <testcase name="setUp" classname="HomePage.TestPageElement" time="0">
    <skipped/>
  </testcase>
  <testcase name="setUp" classname="HomePage.TestPageElement" time="0">
    <skipped/>
  </testcase>
  <testcase name="setUp" classname="HomePage.TestPageElement" time="0">
    <skipped/>
  </testcase>
  <testcase name="setUp" classname="HomePage.TestPageElement" time="0">
    <skipped/>
  </testcase>
  <testcase name="setUp" classname="HomePage.TestPageElement" time="0">
    <skipped/>
  </testcase>
  <testcase name="setUp" classname="HomePage.TestPageElement" time="0">
    <skipped/>
  </testcase>
  <testcase name="setUp" classname="HomePage.TestPageElement" time="0">
    <skipped/>
  </testcase>
  <testcase name="setUp" classname="HomePage.TestPageElement" time="0">
    <skipped/>
  </testcase>
  <testcase name="setUp" classname="HomePage.TestPageElement" time="0">
    <skipped/>
  </testcase>
  <testcase name="startExtent" classname="HomePage.TestPageElement" time="0">
    <skipped/>
  </testcase>
  <testcase name="startExtent" classname="HomePage.TestPageElement" time="0">
    <skipped/>
  </testcase>
  <testcase name="startExtent" classname="HomePage.TestPageElement" time="0">
    <skipped/>
  </testcase>
  <testcase name="startExtent" classname="HomePage.TestPageElement" time="0">
    <skipped/>
  </testcase>
  <testcase name="startExtent" classname="HomePage.TestPageElement" time="0">
    <skipped/>
  </testcase>
  <testcase name="startExtent" classname="HomePage.TestPageElement" time="0">
    <skipped/>
  </testcase>
  <testcase name="startExtent" classname="HomePage.TestPageElement" time="0">
    <skipped/>
  </testcase>
  <testcase name="startExtent" classname="HomePage.TestPageElement" time="0">
    <skipped/>
  </testcase>
  <testcase name="startExtent" classname="HomePage.TestPageElement" time="0">
    <skipped/>
  </testcase>
  <testcase name="startExtent" classname="HomePage.TestPageElement" time="0">
    <skipped/>
  </testcase>
  <testcase name="startExtent" classname="HomePage.TestPageElement" time="0">
    <skipped/>
  </testcase>
  <testcase name="startExtent" classname="HomePage.TestPageElement" time="0">
    <skipped/>
  </testcase>
  <testcase name="startExtent" classname="HomePage.TestPageElement" time="0">
    <skipped/>
  </testcase>
  <testcase name="startExtent" classname="HomePage.TestPageElement" time="0">
    <skipped/>
  </testcase>
  <testcase name="startExtent" classname="HomePage.TestPageElement" time="0">
    <skipped/>
  </testcase>
  <testcase name="startExtent" classname="HomePage.TestPageElement" time="0">
    <skipped/>
  </testcase>
  <testcase name="startExtent" classname="HomePage.TestPageElement" time="0">
    <skipped/>
  </testcase>
  <testcase name="startExtent" classname="HomePage.TestPageElement" time="0">
    <skipped/>
  </testcase>
  <testcase name="startExtent" classname="HomePage.TestPageElement" time="0">
    <skipped/>
  </testcase>
  <testcase name="startExtent" classname="HomePage.TestPageElement" time="0">
    <skipped/>
  </testcase>
  <testcase name="startExtent" classname="HomePage.TestPageElement" time="0">
    <skipped/>
  </testcase>
  <testcase name="startExtent" classname="HomePage.TestPageElement" time="0">
    <skipped/>
  </testcase>
  <testcase name="startExtent" classname="HomePage.TestPageElement" time="0">
    <skipped/>
  </testcase>
  <testcase name="startExtent" classname="HomePage.TestPageElement" time="0">
    <skipped/>
  </testcase>
  <testcase name="startExtent" classname="HomePage.TestPageElement" time="0">
    <skipped/>
  </testcase>
  <testcase name="startExtent" classname="HomePage.TestPageElement" time="0">
    <skipped/>
  </testcase>
  <testcase name="startExtent" classname="HomePage.TestPageElement" time="0">
    <skipped/>
  </testcase>
  <testcase name="startExtent" classname="HomePage.TestPageElement" time="0">
    <skipped/>
  </testcase>
  <testcase name="startExtent" classname="HomePage.TestPageElement" time="0">
    <skipped/>
  </testcase>
  <testcase name="testActiveWearMen" classname="HomePage.TestPageElement" time="0">
    <skipped message="&#10;Parameter &apos;url&apos; is required by BeforeMethod on method setUp but has not been marked @Optional or defined&#10;"/>
  </testcase>
  <testcase name="afterEachTestMethod" classname="HomePage.TestPageElement" time="0">
    <skipped/>
  </testcase>
  <testcase name="afterEachTestMethod" classname="HomePage.TestPageElement" time="0">
    <skipped/>
  </testcase>
  <testcase name="afterEachTestMethod" classname="HomePage.TestPageElement" time="0">
    <skipped/>
  </testcase>
  <testcase name="afterEachTestMethod" classname="HomePage.TestPageElement" time="0">
    <skipped/>
  </testcase>
  <testcase name="afterEachTestMethod" classname="HomePage.TestPageElement" time="0">
    <skipped/>
  </testcase>
  <testcase name="afterEachTestMethod" classname="HomePage.TestPageElement" time="0">
    <skipped/>
  </testcase>
  <testcase name="afterEachTestMethod" classname="HomePage.TestPageElement" time="0">
    <skipped/>
  </testcase>
  <testcase name="afterEachTestMethod" classname="HomePage.TestPageElement" time="0">
    <skipped/>
  </testcase>
  <testcase name="afterEachTestMethod" classname="HomePage.TestPageElement" time="0">
    <skipped/>
  </testcase>
  <testcase name="afterEachTestMethod" classname="HomePage.TestPageElement" time="0">
    <skipped/>
  </testcase>
  <testcase name="afterEachTestMethod" classname="HomePage.TestPageElement" time="0">
    <skipped/>
  </testcase>
  <testcase name="afterEachTestMethod" classname="HomePage.TestPageElement" time="0">
    <skipped/>
  </testcase>
  <testcase name="afterEachTestMethod" classname="HomePage.TestPageElement" time="0">
    <skipped/>
  </testcase>
  <testcase name="afterEachTestMethod" classname="HomePage.TestPageElement" time="0">
    <skipped/>
  </testcase>
  <testcase name="afterEachTestMethod" classname="HomePage.TestPageElement" time="0">
    <skipped/>
  </testcase>
  <testcase name="afterEachTestMethod" classname="HomePage.TestPageElement" time="0">
    <skipped/>
  </testcase>
  <testcase name="afterEachTestMethod" classname="HomePage.TestPageElement" time="0">
    <skipped/>
  </testcase>
  <testcase name="afterEachTestMethod" classname="HomePage.TestPageElement" time="0">
    <skipped/>
  </testcase>
  <testcase name="afterEachTestMethod" classname="HomePage.TestPageElement" time="0">
    <skipped/>
  </testcase>
  <testcase name="afterEachTestMethod" classname="HomePage.TestPageElement" time="0">
    <skipped/>
  </testcase>
  <testcase name="afterEachTestMethod" classname="HomePage.TestPageElement" time="0">
    <skipped/>
  </testcase>
  <testcase name="afterEachTestMethod" classname="HomePage.TestPageElement" time="0">
    <skipped/>
  </testcase>
  <testcase name="afterEachTestMethod" classname="HomePage.TestPageElement" time="0">
    <skipped/>
  </testcase>
  <testcase name="afterEachTestMethod" classname="HomePage.TestPageElement" time="0">
    <skipped/>
  </testcase>
  <testcase name="afterEachTestMethod" classname="HomePage.TestPageElement" time="0">
    <skipped/>
  </testcase>
  <testcase name="afterEachTestMethod" classname="HomePage.TestPageElement" time="0">
    <skipped/>
  </testcase>
  <testcase name="afterEachTestMethod" classname="HomePage.TestPageElement" time="0">
    <skipped/>
  </testcase>
  <testcase name="afterEachTestMethod" classname="HomePage.TestPageElement" time="0">
    <skipped/>
  </testcase>
  <testcase name="afterEachTestMethod" classname="HomePage.TestPageElement" time="0">
    <skipped/>
  </testcase>
  <testcase name="testActiveWearWomen" classname="HomePage.TestPageElement" time="0">
    <skipped message="&#10;Parameter &apos;url&apos; is required by BeforeMethod on method setUp but has not been marked @Optional or defined&#10;"/>
  </testcase>
  <testcase name="testBusinessIndustrial" classname="HomePage.TestPageElement" time="0">
    <skipped message="&#10;Parameter &apos;url&apos; is required by BeforeMethod on method setUp but has not been marked @Optional or defined&#10;"/>
  </testcase>
  <testcase name="testCollectible" classname="HomePage.TestPageElement" time="0">
    <skipped message="&#10;Parameter &apos;url&apos; is required by BeforeMethod on method setUp but has not been marked @Optional or defined&#10;"/>
  </testcase>
  <testcase name="testDailyDealsAll" classname="HomePage.TestPageElement" time="0">
    <skipped message="&#10;Parameter &apos;url&apos; is required by BeforeMethod on method setUp but has not been marked @Optional or defined&#10;"/>
  </testcase>
  <testcase name="testDeals" classname="HomePage.TestPageElement" time="0">
    <skipped message="&#10;Parameter &apos;url&apos; is required by BeforeMethod on method setUp but has not been marked @Optional or defined&#10;"/>
  </testcase>
  <testcase name="testEditorsPick" classname="HomePage.TestPageElement" time="0">
    <skipped message="&#10;Parameter &apos;url&apos; is required by BeforeMethod on method setUp but has not been marked @Optional or defined&#10;"/>
  </testcase>
  <testcase name="testElectronics" classname="HomePage.TestPageElement" time="0">
    <skipped message="&#10;Parameter &apos;url&apos; is required by BeforeMethod on method setUp but has not been marked @Optional or defined&#10;"/>
  </testcase>
  <testcase name="testFeaturedSale" classname="HomePage.TestPageElement" time="0">
    <skipped message="&#10;Parameter &apos;url&apos; is required by BeforeMethod on method setUp but has not been marked @Optional or defined&#10;"/>
  </testcase>
  <testcase name="testFindTheBeat" classname="HomePage.TestPageElement" time="0">
    <skipped message="&#10;Parameter &apos;url&apos; is required by BeforeMethod on method setUp but has not been marked @Optional or defined&#10;"/>
  </testcase>
  <testcase name="testFuelYourFitness" classname="HomePage.TestPageElement" time="0">
    <skipped message="&#10;Parameter &apos;url&apos; is required by BeforeMethod on method setUp but has not been marked @Optional or defined&#10;"/>
  </testcase>
  <testcase name="testGearUp" classname="HomePage.TestPageElement" time="0">
    <skipped message="&#10;Parameter &apos;url&apos; is required by BeforeMethod on method setUp but has not been marked @Optional or defined&#10;"/>
  </testcase>
  <testcase name="testHelpContact" classname="HomePage.TestPageElement" time="0">
    <skipped message="&#10;Parameter &apos;url&apos; is required by BeforeMethod on method setUp but has not been marked @Optional or defined&#10;"/>
  </testcase>
  <testcase name="testJuiceIt" classname="HomePage.TestPageElement" time="0">
    <skipped message="&#10;Parameter &apos;url&apos; is required by BeforeMethod on method setUp but has not been marked @Optional or defined&#10;"/>
  </testcase>
  <testcase name="testLoveYourLook" classname="HomePage.TestPageElement" time="0">
    <skipped message="&#10;Parameter &apos;url&apos; is required by BeforeMethod on method setUp but has not been marked @Optional or defined&#10;"/>
  </testcase>
  <testcase name="testMusic" classname="HomePage.TestPageElement" time="0">
    <skipped message="&#10;Parameter &apos;url&apos; is required by BeforeMethod on method setUp but has not been marked @Optional or defined&#10;"/>
  </testcase>
  <testcase name="testPlayPause" classname="HomePage.TestPageElement" time="0">
    <skipped message="&#10;Parameter &apos;url&apos; is required by BeforeMethod on method setUp but has not been marked @Optional or defined&#10;"/>
  </testcase>
  <testcase name="testSellHot" classname="HomePage.TestPageElement" time="0">
    <skipped message="&#10;Parameter &apos;url&apos; is required by BeforeMethod on method setUp but has not been marked @Optional or defined&#10;"/>
  </testcase>
  <testcase name="testTrackProgress" classname="HomePage.TestPageElement" time="0">
    <skipped message="&#10;Parameter &apos;url&apos; is required by BeforeMethod on method setUp but has not been marked @Optional or defined&#10;"/>
  </testcase>
  <testcase name="testTrendingOnEbay" classname="HomePage.TestPageElement" time="0">
    <skipped message="&#10;Parameter &apos;url&apos; is required by BeforeMethod on method setUp but has not been marked @Optional or defined&#10;"/>
  </testcase>
  <testcase name="testUnderTen" classname="HomePage.TestPageElement" time="0">
    <skipped message="&#10;Parameter &apos;url&apos; is required by BeforeMethod on method setUp but has not been marked @Optional or defined&#10;"/>
  </testcase>
  <testcase name="testViewDailyDeals" classname="HomePage.TestPageElement" time="0">
    <skipped message="&#10;Parameter &apos;url&apos; is required by BeforeMethod on method setUp but has not been marked @Optional or defined&#10;"/>
  </testcase>
  <testcase name="testViewFashion" classname="HomePage.TestPageElement" time="0">
    <skipped message="&#10;Parameter &apos;url&apos; is required by BeforeMethod on method setUp but has not been marked @Optional or defined&#10;"/>
  </testcase>
  <testcase name="testViewHome" classname="HomePage.TestPageElement" time="0">
    <skipped message="&#10;Parameter &apos;url&apos; is required by BeforeMethod on method setUp but has not been marked @Optional or defined&#10;"/>
  </testcase>
  <testcase name="testViewHomeGarden" classname="HomePage.TestPageElement" time="0">
    <skipped message="&#10;Parameter &apos;url&apos; is required by BeforeMethod on method setUp but has not been marked @Optional or defined&#10;"/>
  </testcase>
  <testcase name="testViewLogo" classname="HomePage.TestPageElement" time="0">
    <skipped message="&#10;Parameter &apos;url&apos; is required by BeforeMethod on method setUp but has not been marked @Optional or defined&#10;"/>
  </testcase>
  <testcase name="testViewMotors" classname="HomePage.TestPageElement" time="0">
    <skipped message="&#10;Parameter &apos;url&apos; is required by BeforeMethod on method setUp but has not been marked @Optional or defined&#10;"/>
  </testcase>
  <testcase name="testViewSaved" classname="HomePage.TestPageElement" time="0">
    <skipped message="&#10;Parameter &apos;url&apos; is required by BeforeMethod on method setUp but has not been marked @Optional or defined&#10;"/>
  </testcase>
  <testcase name="testViewToys" classname="HomePage.TestPageElement" time="0">
    <skipped message="&#10;Parameter &apos;url&apos; is required by BeforeMethod on method setUp but has not been marked @Optional or defined&#10;"/>
  </testcase>
  <testcase name="setUp" classname="HomePage.TestRegisterUser" time="0.773">
    <failure message="&#10;Parameter &apos;url&apos; is required by BeforeMethod on method setUp but has not been marked @Optional or defined&#10;" type="org.testng.TestNGException">org.testng.TestNGException: 

Parameter 'url' is required by BeforeMethod on method setUp but has not been marked @Optional or defined

</failure>
  </testcase>
  <testcase name="setUp" classname="HomePage.TestRegisterUser" time="0">
    <skipped/>
  </testcase>
  <testcase name="setUp" classname="HomePage.TestRegisterUser" time="0">
    <skipped/>
  </testcase>
  <testcase name="setUp" classname="HomePage.TestRegisterUser" time="0">
    <skipped/>
  </testcase>
  <testcase name="startExtent" classname="HomePage.TestRegisterUser" time="0">
    <skipped/>
  </testcase>
  <testcase name="startExtent" classname="HomePage.TestRegisterUser" time="0">
    <skipped/>
  </testcase>
  <testcase name="startExtent" classname="HomePage.TestRegisterUser" time="0">
    <skipped/>
  </testcase>
  <testcase name="startExtent" classname="HomePage.TestRegisterUser" time="0">
    <skipped/>
  </testcase>
  <testcase name="testCreateAccount" classname="HomePage.TestRegisterUser" time="0">
    <skipped message="&#10;Parameter &apos;url&apos; is required by BeforeMethod on method setUp but has not been marked @Optional or defined&#10;"/>
  </testcase>
  <testcase name="afterEachTestMethod" classname="HomePage.TestRegisterUser" time="0">
    <skipped/>
  </testcase>
  <testcase name="afterEachTestMethod" classname="HomePage.TestRegisterUser" time="0">
    <skipped/>
  </testcase>
  <testcase name="afterEachTestMethod" classname="HomePage.TestRegisterUser" time="0">
    <skipped/>
  </testcase>
  <testcase name="afterEachTestMethod" classname="HomePage.TestRegisterUser" time="0">
    <skipped/>
  </testcase>
  <testcase name="testFacebookContinueButton" classname="HomePage.TestRegisterUser" time="0">
    <skipped message="&#10;Parameter &apos;url&apos; is required by BeforeMethod on method setUp but has not been marked @Optional or defined&#10;"/>
  </testcase>
  <testcase name="testGoogleContinueButton" classname="HomePage.TestRegisterUser" time="0">
    <skipped message="&#10;Parameter &apos;url&apos; is required by BeforeMethod on method setUp but has not been marked @Optional or defined&#10;"/>
  </testcase>
  <testcase name="testViewRegister" classname="HomePage.TestRegisterUser" time="0">
    <skipped message="&#10;Parameter &apos;url&apos; is required by BeforeMethod on method setUp but has not been marked @Optional or defined&#10;"/>
  </testcase>
  <testcase name="setUp" classname="HomePage.TestSearchEBay" time="0.775">
    <failure message="&#10;Parameter &apos;url&apos; is required by BeforeMethod on method setUp but has not been marked @Optional or defined&#10;" type="org.testng.TestNGException">org.testng.TestNGException: 

Parameter 'url' is required by BeforeMethod on method setUp but has not been marked @Optional or defined

</failure>
  </testcase>
  <testcase name="startExtent" classname="HomePage.TestSearchEBay" time="0">
    <skipped/>
  </testcase>
  <testcase name="searchItems" classname="HomePage.TestSearchEBay" time="0">
    <skipped message="&#10;Parameter &apos;url&apos; is required by BeforeMethod on method setUp but has not been marked @Optional or defined&#10;"/>
  </testcase>
  <testcase name="afterEachTestMethod" classname="HomePage.TestSearchEBay" time="0">
    <skipped/>
  </testcase>
  <testcase name="generateReport" classname="dataBaseSearch.TestSearchPage" time="0.931">
    <failure type="java.lang.NullPointerException">java.lang.NullPointerException
</failure>
  </testcase>
</testsuite>